2025-05-21 19:11:53,340 - INFO - 开始打包 YAMLWeave...
2025-05-21 19:11:53,340 - INFO - Python版本: 3.12.9 | packaged by Anaconda, Inc. | (main, Feb  6 2025, 18:49:16) [MSC v.1929 64 bit (AMD64)]
2025-05-21 19:11:53,513 - INFO - 平台: Windows-11-10.0.26100-SP0
2025-05-21 19:11:53,513 - INFO - 项目目录: c:\Users\clark\Desktop\YAMLWeave
2025-05-21 19:11:53,513 - INFO - 检查必要的依赖...
2025-05-21 19:11:53,665 - INFO - PyInstaller已安装
2025-05-21 19:11:53,690 - INFO - PyYAML已安装
2025-05-21 19:11:53,691 - INFO - 清理旧文件...
2025-05-21 19:11:53,691 - INFO - 验证关键文件语法...
2025-05-21 19:11:53,692 - INFO - 验证文件: c:\Users\clark\Desktop\YAMLWeave\code\main.py
2025-05-21 19:11:53,825 - INFO - 文件语法验证通过: c:\Users\clark\Desktop\YAMLWeave\code\main.py
2025-05-21 19:11:53,825 - INFO - 验证文件: c:\Users\clark\Desktop\YAMLWeave\code\stub_processor.py
2025-05-21 19:11:54,093 - INFO - 文件语法验证通过: c:\Users\clark\Desktop\YAMLWeave\code\stub_processor.py
2025-05-21 19:11:54,094 - INFO - 验证文件: c:\Users\clark\Desktop\YAMLWeave\code\core\stub_parser.py
2025-05-21 19:11:54,222 - INFO - 文件语法验证通过: c:\Users\clark\Desktop\YAMLWeave\code\core\stub_parser.py
2025-05-21 19:11:54,222 - INFO - 验证文件: c:\Users\clark\Desktop\YAMLWeave\code\core\stub_processor.py
2025-05-21 19:11:54,343 - INFO - 文件语法验证通过: c:\Users\clark\Desktop\YAMLWeave\code\core\stub_processor.py
2025-05-21 19:11:54,343 - INFO - 验证文件: c:\Users\clark\Desktop\YAMLWeave\code\core\utils.py
2025-05-21 19:11:54,461 - INFO - 文件语法验证通过: c:\Users\clark\Desktop\YAMLWeave\code\core\utils.py
2025-05-21 19:11:54,462 - INFO - 验证文件: c:\Users\clark\Desktop\YAMLWeave\code\core\__init__.py
2025-05-21 19:11:54,637 - INFO - 文件语法验证通过: c:\Users\clark\Desktop\YAMLWeave\code\core\__init__.py
2025-05-21 19:11:54,638 - INFO - 验证文件: c:\Users\clark\Desktop\YAMLWeave\code\handlers\comment_handler.py
2025-05-21 19:11:54,830 - INFO - 文件语法验证通过: c:\Users\clark\Desktop\YAMLWeave\code\handlers\comment_handler.py
2025-05-21 19:11:54,831 - INFO - 验证文件: c:\Users\clark\Desktop\YAMLWeave\code\handlers\yaml_handler.py
2025-05-21 19:11:54,954 - INFO - 文件语法验证通过: c:\Users\clark\Desktop\YAMLWeave\code\handlers\yaml_handler.py
2025-05-21 19:11:54,955 - INFO - 验证文件: c:\Users\clark\Desktop\YAMLWeave\code\handlers\__init__.py
2025-05-21 19:11:55,098 - INFO - 文件语法验证通过: c:\Users\clark\Desktop\YAMLWeave\code\handlers\__init__.py
2025-05-21 19:11:55,099 - INFO - 生成版本号: 1.0.0_20250521_191155
2025-05-21 19:11:55,099 - INFO - 创建spec文件...
2025-05-21 19:11:55,100 - INFO - Spec文件已创建: c:\Users\clark\Desktop\YAMLWeave\code\YAMLWeave_1.0.0_20250521_191155.spec
2025-05-21 19:11:55,100 - INFO - 开始PyInstaller打包...
2025-05-21 19:12:11,434 - INFO - PyInstaller打包成功
2025-05-21 19:12:11,435 - INFO - 验证打包结果...
2025-05-21 19:12:11,438 - INFO - 打包结果验证通过
2025-05-21 19:12:11,439 - INFO - 移动打包结果到code同级目录...
2025-05-21 19:12:11,446 - INFO - 打包结果已移动到: c:\Users\clark\Desktop\YAMLWeave\YAMLWeave_1.0.0_20250521_191155
2025-05-21 19:12:11,448 - INFO - 清理临时文件...
2025-05-21 19:12:11,485 - INFO - 临时文件清理完成
2025-05-21 19:12:11,487 - INFO - YAMLWeave 1.0.0_20250521_191155 打包完成!
2025-05-21 19:12:11,488 - INFO - 打包结果位于: c:\Users\clark\Desktop\YAMLWeave\YAMLWeave_1.0.0_20250521_191155
