2025-05-21 23:23:14,884 - INFO: 桩处理器组件初始化完成
2025-05-21 23:23:14,884 - INFO: 创建StubProcessor适配器
2025-05-21 23:23:14,884 - INFO: 处理器类型: StubProcessor
2025-05-21 23:23:14,884 - INFO: 处理器具有process_files方法
2025-05-21 23:23:14,884 - INFO: 成功初始化StubProcessor
2025-05-21 23:23:14,952 - INFO: StubProcessor具有process_directory方法
2025-05-21 23:23:14,962 - INFO: 成功设置处理回调
2025-05-21 23:23:19,003 - INFO: 开始处理目录: C:\Users\clark\Desktop\YAMLWeave\YAMLWeave_1.0.0_20250521_232254\_internal\samples
2025-05-21 23:23:19,009 - INFO: 使用YAML配置: C:\Users\clark\Desktop\YAMLWeave\YAMLWeave_1.0.0_20250521_232254\_internal\samples\all_tests.yaml
2025-05-21 23:23:19,020 - INFO: 设置YAML配置文件: C:\Users\clark\Desktop\YAMLWeave\YAMLWeave_1.0.0_20250521_232254\_internal\samples\all_tests.yaml
2025-05-21 23:23:19,040 - INFO: 成功加载YAML配置文件: C:\Users\clark\Desktop\YAMLWeave\YAMLWeave_1.0.0_20250521_232254\_internal\samples\all_tests.yaml
2025-05-21 23:23:19,040 - INFO: 通过set_yaml_file方法设置YAML文件: C:\Users\clark\Desktop\YAMLWeave\YAMLWeave_1.0.0_20250521_232254\_internal\samples\all_tests.yaml
2025-05-21 23:23:19,040 - INFO: 设置UI引用给处理器
2025-05-21 23:23:19,045 - INFO: 适配器处理目录: C:\Users\clark\Desktop\YAMLWeave\YAMLWeave_1.0.0_20250521_232254\_internal\samples
2025-05-21 23:23:19,046 - INFO: 使用原生process_directory方法
2025-05-21 23:23:19,046 - INFO: 开始备份整个项目目录: C:\Users\clark\Desktop\YAMLWeave\YAMLWeave_1.0.0_20250521_232254\_internal\samples -> C:\Users\clark\Desktop\YAMLWeave\YAMLWeave_1.0.0_20250521_232254\_internal\samples_backup_20250521_232319
2025-05-21 23:23:19,051 - INFO: 项目目录备份成功: C:\Users\clark\Desktop\YAMLWeave\YAMLWeave_1.0.0_20250521_232254\_internal\samples_backup_20250521_232319
2025-05-21 23:23:19,051 - INFO: 创建插桩结果目录: C:\Users\clark\Desktop\YAMLWeave\YAMLWeave_1.0.0_20250521_232254\_internal\samples_stubbed_20250521_232319
2025-05-21 23:23:19,057 - INFO: 处理文件: C:\Users\clark\Desktop\YAMLWeave\YAMLWeave_1.0.0_20250521_232254\_internal\samples\module1\Demo1.1.c
2025-05-21 23:23:19,063 - INFO: 文件处理成功: C:\Users\clark\Desktop\YAMLWeave\YAMLWeave_1.0.0_20250521_232254\_internal\samples\module1\Demo1.1.c, 插入了 9 个桩点
2025-05-21 23:23:19,070 - INFO: 复制处理后文件到结果目录: C:\Users\clark\Desktop\YAMLWeave\YAMLWeave_1.0.0_20250521_232254\_internal\samples_stubbed_20250521_232319\module1\Demo1.1.c
2025-05-21 23:23:19,071 - INFO: 处理文件: C:\Users\clark\Desktop\YAMLWeave\YAMLWeave_1.0.0_20250521_232254\_internal\samples\module1\Demo1.2.c
2025-05-21 23:23:19,077 - INFO: 文件处理成功: C:\Users\clark\Desktop\YAMLWeave\YAMLWeave_1.0.0_20250521_232254\_internal\samples\module1\Demo1.2.c, 插入了 11 个桩点
2025-05-21 23:23:19,084 - INFO: 复制处理后文件到结果目录: C:\Users\clark\Desktop\YAMLWeave\YAMLWeave_1.0.0_20250521_232254\_internal\samples_stubbed_20250521_232319\module1\Demo1.2.c
2025-05-21 23:23:19,085 - INFO: 处理文件: C:\Users\clark\Desktop\YAMLWeave\YAMLWeave_1.0.0_20250521_232254\_internal\samples\module2\Demo2.1.c
2025-05-21 23:23:19,091 - INFO: 文件处理成功: C:\Users\clark\Desktop\YAMLWeave\YAMLWeave_1.0.0_20250521_232254\_internal\samples\module2\Demo2.1.c, 插入了 10 个桩点
2025-05-21 23:23:19,091 - INFO: 复制处理后文件到结果目录: C:\Users\clark\Desktop\YAMLWeave\YAMLWeave_1.0.0_20250521_232254\_internal\samples_stubbed_20250521_232319\module2\Demo2.1.c
2025-05-21 23:23:19,092 - INFO: 处理文件: C:\Users\clark\Desktop\YAMLWeave\YAMLWeave_1.0.0_20250521_232254\_internal\samples\module2\Demo2.2.c
2025-05-21 23:23:19,095 - INFO: 文件处理成功: C:\Users\clark\Desktop\YAMLWeave\YAMLWeave_1.0.0_20250521_232254\_internal\samples\module2\Demo2.2.c, 插入了 4 个桩点
2025-05-21 23:23:19,101 - INFO: 复制处理后文件到结果目录: C:\Users\clark\Desktop\YAMLWeave\YAMLWeave_1.0.0_20250521_232254\_internal\samples_stubbed_20250521_232319\module2\Demo2.2.c
2025-05-21 23:23:19,102 - INFO: 目录处理完成: C:\Users\clark\Desktop\YAMLWeave\YAMLWeave_1.0.0_20250521_232254\_internal\samples
2025-05-21 23:23:19,102 - INFO: 总文件数: 4
2025-05-21 23:23:19,102 - INFO: 处理文件数: 4
2025-05-21 23:23:19,102 - INFO: 插入桩点数: 34
2025-05-21 23:23:19,102 - INFO: 文件总数: 4
2025-05-21 23:23:19,107 - INFO: 处理成功文件: 4
2025-05-21 23:23:19,112 - INFO: 成功插入桩点: 34
2025-05-21 23:23:19,118 - INFO: 原始项目备份目录: C:\Users\clark\Desktop\YAMLWeave\YAMLWeave_1.0.0_20250521_232254\_internal\samples_backup_20250521_232319
2025-05-21 23:23:19,133 - INFO: 处理结果目录: C:\Users\clark\Desktop\YAMLWeave\YAMLWeave_1.0.0_20250521_232254\_internal\samples_stubbed_20250521_232319
