2025-05-21 23:23:14,535 - code.handlers.comment_handler - WARNING - 使用基本日志配置
2025-05-21 23:23:14,536 - code.core.stub_processor - INFO - 成功使用相对导入加载处理器
2025-05-21 23:23:14,537 - code.core.stub_parser - ERROR - 无法导入YamlStubHandler，锚点与桩代码分离功能将不可用
2025-05-21 23:23:14,539 - root - INFO - 当前目录: C:\Users\clark\Desktop\YAMLWeave\YAMLWeave_1.0.0_20250521_232254\_internal\code
2025-05-21 23:23:14,540 - root - INFO - 父级目录: C:\Users\clark\Desktop\YAMLWeave\YAMLWeave_1.0.0_20250521_232254\_internal
2025-05-21 23:23:14,540 - root - INFO - 成功从code.core包导入StubProcessor
2025-05-21 23:23:14,540 - yamlweave - INFO - 成功从code包导入核心模块
2025-05-21 23:23:14,540 - __main__ - INFO - 成功导入核心模块 (code 前缀)
2025-05-21 23:23:14,540 - __main__ - INFO - 启动YAMLWeave应用
2025-05-21 23:23:14,541 - __main__ - INFO - 设置工作目录: C:\Users\clark\Desktop\YAMLWeave\YAMLWeave_1.0.0_20250521_232254\_internal
2025-05-21 23:23:14,541 - __main__ - INFO - 操作系统: win32
2025-05-21 23:23:14,542 - __main__ - INFO - Python版本: 3.12.9 | packaged by Anaconda, Inc. | (main, Feb  6 2025, 18:49:16) [MSC v.1929 64 bit (AMD64)]
2025-05-21 23:23:14,542 - __main__ - INFO - 当前工作目录: C:\Users\clark\Desktop\YAMLWeave\YAMLWeave_1.0.0_20250521_232254\_internal
2025-05-21 23:23:14,542 - __main__ - INFO - 应用根目录: C:\Users\clark\Desktop\YAMLWeave\YAMLWeave_1.0.0_20250521_232254\_internal
2025-05-21 23:23:14,543 - __main__ - INFO - sys.path: ['C:\\Users\\clark\\Desktop\\YAMLWeave\\YAMLWeave_1.0.0_20250521_232254\\_internal\\code', 'C:\\Users\\clark\\Desktop\\YAMLWeave\\YAMLWeave_1.0.0_20250521_232254\\_internal\\base_library.zip', 'C:\\Users\\clark\\Desktop\\YAMLWeave\\YAMLWeave_1.0.0_20250521_232254\\_internal\\lib-dynload', 'C:\\Users\\clark\\Desktop\\YAMLWeave\\YAMLWeave_1.0.0_20250521_232254\\_internal']
2025-05-21 23:23:14,543 - __main__ - INFO - 应用根目录: C:\Users\clark\Desktop\YAMLWeave\YAMLWeave_1.0.0_20250521_232254\_internal
2025-05-21 23:23:14,543 - __main__ - INFO - 确保示例目录存在: C:\Users\clark\Desktop\YAMLWeave\YAMLWeave_1.0.0_20250521_232254\_internal\samples
2025-05-21 23:23:14,544 - __main__ - INFO - 确保模块目录存在: C:\Users\clark\Desktop\YAMLWeave\YAMLWeave_1.0.0_20250521_232254\_internal\samples\module1
2025-05-21 23:23:14,544 - __main__ - INFO - 确保模块目录存在: C:\Users\clark\Desktop\YAMLWeave\YAMLWeave_1.0.0_20250521_232254\_internal\samples\module2
2025-05-21 23:23:14,545 - __main__ - INFO - 创建示例文件: C:\Users\clark\Desktop\YAMLWeave\YAMLWeave_1.0.0_20250521_232254\_internal\samples\module1\Demo1.1.c
2025-05-21 23:23:14,546 - __main__ - INFO - 创建示例文件: C:\Users\clark\Desktop\YAMLWeave\YAMLWeave_1.0.0_20250521_232254\_internal\samples\module1\Demo1.2.c
2025-05-21 23:23:14,546 - __main__ - INFO - 创建示例文件: C:\Users\clark\Desktop\YAMLWeave\YAMLWeave_1.0.0_20250521_232254\_internal\samples\module2\Demo2.1.c
2025-05-21 23:23:14,548 - __main__ - INFO - 创建示例文件: C:\Users\clark\Desktop\YAMLWeave\YAMLWeave_1.0.0_20250521_232254\_internal\samples\module2\Demo2.2.c
2025-05-21 23:23:14,548 - __main__ - INFO - 开始创建高级测试用例: C:\Users\clark\Desktop\YAMLWeave\YAMLWeave_1.0.0_20250521_232254\_internal\samples
2025-05-21 23:23:14,549 - __main__ - INFO - 成功创建高级测试用例
2025-05-21 23:23:14,550 - __main__ - INFO - 创建综合测试YAML配置: C:\Users\clark\Desktop\YAMLWeave\YAMLWeave_1.0.0_20250521_232254\_internal\samples\all_tests.yaml
2025-05-21 23:23:14,551 - __main__ - INFO - 成功创建合并的YAML配置文件: C:\Users\clark\Desktop\YAMLWeave\YAMLWeave_1.0.0_20250521_232254\_internal\samples\all_tests.yaml
2025-05-21 23:23:14,860 - __main__ - INFO - 成功创建Tkinter根窗口
2025-05-21 23:23:14,860 - __main__ - INFO - 开始创建UI实例...
2025-05-21 23:23:14,860 - __main__ - INFO - 成功通过直接导入方式加载UI组件
2025-05-21 23:23:14,882 - __main__ - INFO - 成功创建UI实例
2025-05-21 23:23:14,884 - yamlweave.core - INFO - 桩处理器组件初始化完成
2025-05-21 23:23:14,884 - yamlweave - INFO - 创建StubProcessor适配器
2025-05-21 23:23:14,884 - yamlweave - INFO - 处理器类型: StubProcessor
2025-05-21 23:23:14,884 - yamlweave - INFO - 处理器具有process_files方法
2025-05-21 23:23:14,884 - yamlweave - INFO - 成功初始化StubProcessor
2025-05-21 23:23:14,952 - yamlweave - INFO - StubProcessor具有process_directory方法
2025-05-21 23:23:14,962 - yamlweave - INFO - 成功设置处理回调
2025-05-21 23:23:14,968 - __main__ - INFO - 成功创建控制器实例
2025-05-21 23:23:15,010 - __main__ - ERROR - 自动填充示例文件路径失败: YAMLWeaveUI.log() got an unexpected keyword argument 'tag'
2025-05-21 23:23:15,011 - __main__ - INFO - 进入主循环
2025-05-21 23:23:19,003 - yamlweave - INFO - 开始处理目录: C:\Users\clark\Desktop\YAMLWeave\YAMLWeave_1.0.0_20250521_232254\_internal\samples
2025-05-21 23:23:19,009 - yamlweave - INFO - 使用YAML配置: C:\Users\clark\Desktop\YAMLWeave\YAMLWeave_1.0.0_20250521_232254\_internal\samples\all_tests.yaml
2025-05-21 23:23:19,020 - yamlweave.core - INFO - 设置YAML配置文件: C:\Users\clark\Desktop\YAMLWeave\YAMLWeave_1.0.0_20250521_232254\_internal\samples\all_tests.yaml
2025-05-21 23:23:19,020 - code.handlers.yaml_handler - INFO - 尝试加载YAML配置文件: C:\Users\clark\Desktop\YAMLWeave\YAMLWeave_1.0.0_20250521_232254\_internal\samples\all_tests.yaml
2025-05-21 23:23:19,020 - code.handlers.yaml_handler - INFO - 文件存在检验通过: C:\Users\clark\Desktop\YAMLWeave\YAMLWeave_1.0.0_20250521_232254\_internal\samples\all_tests.yaml
2025-05-21 23:23:19,020 - code.handlers.yaml_handler - INFO - YAML文件大小: 11323 字节
2025-05-21 23:23:19,032 - code.handlers.yaml_handler - INFO - 自动检测到编码: utf-8, 置信度: 0.99
2025-05-21 23:23:19,033 - code.handlers.yaml_handler - INFO - 尝试使用编码 utf-8 读取文件
2025-05-21 23:23:19,033 - code.handlers.yaml_handler - INFO - 使用编码 utf-8 成功读取文件
2025-05-21 23:23:19,033 - code.handlers.yaml_handler - INFO - 开始解析YAML内容
2025-05-21 23:23:19,038 - code.handlers.yaml_handler - INFO - 初步YAML解析结果: ['TC001', 'TC002', 'TC101', 'TC102', 'TC103', 'TC201', 'TC202', 'TC203']
2025-05-21 23:23:19,039 - code.handlers.yaml_handler - INFO - 检查测试用例 TC001 数据: <class 'dict'>
2025-05-21 23:23:19,039 - code.handlers.yaml_handler - INFO - 检查测试用例 TC002 数据: <class 'dict'>
2025-05-21 23:23:19,039 - code.handlers.yaml_handler - INFO - 检查测试用例 TC101 数据: <class 'dict'>
2025-05-21 23:23:19,039 - code.handlers.yaml_handler - INFO - 检查测试用例 TC102 数据: <class 'dict'>
2025-05-21 23:23:19,039 - code.handlers.yaml_handler - INFO - 检查测试用例 TC103 数据: <class 'dict'>
2025-05-21 23:23:19,039 - code.handlers.yaml_handler - INFO - 检查测试用例 TC201 数据: <class 'dict'>
2025-05-21 23:23:19,039 - code.handlers.yaml_handler - INFO - 检查测试用例 TC202 数据: <class 'dict'>
2025-05-21 23:23:19,039 - code.handlers.yaml_handler - INFO - 检查测试用例 TC203 数据: <class 'dict'>
2025-05-21 23:23:19,039 - code.handlers.yaml_handler - INFO - YAML加载结果类型: <class 'dict'>
2025-05-21 23:23:19,040 - code.handlers.yaml_handler - INFO - YAML配置包含 8 个测试用例: TC001, TC002, TC101, TC102, TC103, TC201, TC202, TC203
2025-05-21 23:23:19,040 - code.handlers.yaml_handler - INFO - 成功加载YAML配置文件: C:\Users\clark\Desktop\YAMLWeave\YAMLWeave_1.0.0_20250521_232254\_internal\samples\all_tests.yaml
2025-05-21 23:23:19,040 - yamlweave.core - INFO - 成功加载YAML配置文件: C:\Users\clark\Desktop\YAMLWeave\YAMLWeave_1.0.0_20250521_232254\_internal\samples\all_tests.yaml
2025-05-21 23:23:19,040 - yamlweave - INFO - 通过set_yaml_file方法设置YAML文件: C:\Users\clark\Desktop\YAMLWeave\YAMLWeave_1.0.0_20250521_232254\_internal\samples\all_tests.yaml
2025-05-21 23:23:19,040 - yamlweave - INFO - 设置UI引用给处理器
2025-05-21 23:23:19,045 - yamlweave - INFO - 适配器处理目录: C:\Users\clark\Desktop\YAMLWeave\YAMLWeave_1.0.0_20250521_232254\_internal\samples
2025-05-21 23:23:19,046 - yamlweave - INFO - 使用原生process_directory方法
2025-05-21 23:23:19,046 - yamlweave - INFO - 开始备份整个项目目录: C:\Users\clark\Desktop\YAMLWeave\YAMLWeave_1.0.0_20250521_232254\_internal\samples -> C:\Users\clark\Desktop\YAMLWeave\YAMLWeave_1.0.0_20250521_232254\_internal\samples_backup_20250521_232319
2025-05-21 23:23:19,051 - yamlweave - INFO - 项目目录备份成功: C:\Users\clark\Desktop\YAMLWeave\YAMLWeave_1.0.0_20250521_232254\_internal\samples_backup_20250521_232319
2025-05-21 23:23:19,051 - yamlweave - INFO - 创建插桩结果目录: C:\Users\clark\Desktop\YAMLWeave\YAMLWeave_1.0.0_20250521_232254\_internal\samples_stubbed_20250521_232319
2025-05-21 23:23:19,054 - code.core.stub_processor - INFO - 在目录 C:\Users\clark\Desktop\YAMLWeave\YAMLWeave_1.0.0_20250521_232254\_internal\samples 中查找.c源文件
2025-05-21 23:23:19,056 - code.core.stub_processor - INFO - 目录 C:\Users\clark\Desktop\YAMLWeave\YAMLWeave_1.0.0_20250521_232254\_internal\samples 内容: ['all_tests.yaml', 'module1', 'module2']
2025-05-21 23:23:19,056 - code.core.stub_processor - INFO - 找到C源文件: C:\Users\clark\Desktop\YAMLWeave\YAMLWeave_1.0.0_20250521_232254\_internal\samples\module1\Demo1.1.c
2025-05-21 23:23:19,056 - code.core.stub_processor - INFO - 找到C源文件: C:\Users\clark\Desktop\YAMLWeave\YAMLWeave_1.0.0_20250521_232254\_internal\samples\module1\Demo1.2.c
2025-05-21 23:23:19,056 - code.core.stub_processor - INFO - 找到C源文件: C:\Users\clark\Desktop\YAMLWeave\YAMLWeave_1.0.0_20250521_232254\_internal\samples\module2\Demo2.1.c
2025-05-21 23:23:19,056 - code.core.stub_processor - INFO - 找到C源文件: C:\Users\clark\Desktop\YAMLWeave\YAMLWeave_1.0.0_20250521_232254\_internal\samples\module2\Demo2.2.c
2025-05-21 23:23:19,056 - code.core.stub_processor - INFO - 总共找到 4 个.c源文件
2025-05-21 23:23:19,057 - code.core.stub_processor - INFO - 文件 1: C:\Users\clark\Desktop\YAMLWeave\YAMLWeave_1.0.0_20250521_232254\_internal\samples\module1\Demo1.1.c
2025-05-21 23:23:19,057 - code.core.stub_processor - INFO - 文件 2: C:\Users\clark\Desktop\YAMLWeave\YAMLWeave_1.0.0_20250521_232254\_internal\samples\module1\Demo1.2.c
2025-05-21 23:23:19,057 - code.core.stub_processor - INFO - 文件 3: C:\Users\clark\Desktop\YAMLWeave\YAMLWeave_1.0.0_20250521_232254\_internal\samples\module2\Demo2.1.c
2025-05-21 23:23:19,057 - code.core.stub_processor - INFO - 文件 4: C:\Users\clark\Desktop\YAMLWeave\YAMLWeave_1.0.0_20250521_232254\_internal\samples\module2\Demo2.2.c
2025-05-21 23:23:19,057 - yamlweave.core - INFO - 处理文件: C:\Users\clark\Desktop\YAMLWeave\YAMLWeave_1.0.0_20250521_232254\_internal\samples\module1\Demo1.1.c
2025-05-21 23:23:19,057 - code.core.utils - INFO - 检测到文件 C:\Users\clark\Desktop\YAMLWeave\YAMLWeave_1.0.0_20250521_232254\_internal\samples\module1\Demo1.1.c 编码: utf-8, 置信度: 0.99
2025-05-21 23:23:19,058 - code.core.utils - INFO - 尝试使用编码 utf-8 读取文件 C:\Users\clark\Desktop\YAMLWeave\YAMLWeave_1.0.0_20250521_232254\_internal\samples\module1\Demo1.1.c
2025-05-21 23:23:19,058 - code.core.utils - INFO - 使用编码 utf-8 成功读取文件 C:\Users\clark\Desktop\YAMLWeave\YAMLWeave_1.0.0_20250521_232254\_internal\samples\module1\Demo1.1.c
2025-05-21 23:23:19,059 - code.core.stub_parser - INFO - 开始处理文件 C:\Users\clark\Desktop\YAMLWeave\YAMLWeave_1.0.0_20250521_232254\_internal\samples\module1\Demo1.1.c
2025-05-21 23:23:19,059 - code.core.stub_parser - INFO - YAML配置中存在的测试用例: ['TC001', 'TC002', 'TC101', 'TC102', 'TC103', 'TC201', 'TC202', 'TC203']
2025-05-21 23:23:19,059 - code.core.stub_parser - INFO - 在文件 C:\Users\clark\Desktop\YAMLWeave\YAMLWeave_1.0.0_20250521_232254\_internal\samples\module1\Demo1.1.c 的第 14 行找到锚点: TC001 STEP1 segment1
2025-05-21 23:23:19,059 - code.handlers.yaml_handler - INFO - 使用块格式的代码段: TC001 STEP1 segment1
2025-05-21 23:23:19,059 - code.core.stub_parser - INFO - 为锚点 TC001 STEP1 segment1 找到桩代码
2025-05-21 23:23:19,060 - code.core.stub_parser - INFO - 在文件 C:\Users\clark\Desktop\YAMLWeave\YAMLWeave_1.0.0_20250521_232254\_internal\samples\module1\Demo1.1.c 的第 18 行找到锚点: TC101 STEP1 segment1
2025-05-21 23:23:19,060 - code.handlers.yaml_handler - INFO - 使用块格式的代码段: TC101 STEP1 segment1
2025-05-21 23:23:19,060 - code.core.stub_parser - INFO - 为锚点 TC101 STEP1 segment1 找到桩代码
2025-05-21 23:23:19,060 - code.core.stub_parser - INFO - 在文件 C:\Users\clark\Desktop\YAMLWeave\YAMLWeave_1.0.0_20250521_232254\_internal\samples\module1\Demo1.1.c 的第 20 行找到锚点: TC201 STEP1 benchmark_start
2025-05-21 23:23:19,060 - code.handlers.yaml_handler - INFO - 使用块格式的代码段: TC201 STEP1 benchmark_start
2025-05-21 23:23:19,060 - code.core.stub_parser - INFO - 为锚点 TC201 STEP1 benchmark_start 找到桩代码
2025-05-21 23:23:19,060 - code.core.stub_parser - INFO - 在文件 C:\Users\clark\Desktop\YAMLWeave\YAMLWeave_1.0.0_20250521_232254\_internal\samples\module1\Demo1.1.c 的第 29 行找到锚点: TC001 STEP2 segment1
2025-05-21 23:23:19,060 - code.handlers.yaml_handler - INFO - 使用块格式的代码段: TC001 STEP2 segment1
2025-05-21 23:23:19,060 - code.core.stub_parser - INFO - 为锚点 TC001 STEP2 segment1 找到桩代码
2025-05-21 23:23:19,061 - code.core.stub_parser - INFO - 在文件 C:\Users\clark\Desktop\YAMLWeave\YAMLWeave_1.0.0_20250521_232254\_internal\samples\module1\Demo1.1.c 的第 33 行找到锚点: TC102 STEP1 format_check
2025-05-21 23:23:19,061 - code.handlers.yaml_handler - INFO - 使用块格式的代码段: TC102 STEP1 format_check
2025-05-21 23:23:19,061 - code.core.stub_parser - INFO - 为锚点 TC102 STEP1 format_check 找到桩代码
2025-05-21 23:23:19,061 - code.core.stub_parser - INFO - 在文件 C:\Users\clark\Desktop\YAMLWeave\YAMLWeave_1.0.0_20250521_232254\_internal\samples\module1\Demo1.1.c 的第 35 行找到锚点: TC102 STEP1 segment1
2025-05-21 23:23:19,061 - code.handlers.yaml_handler - INFO - 使用块格式的代码段: TC102 STEP1 segment1
2025-05-21 23:23:19,061 - code.core.stub_parser - INFO - 为锚点 TC102 STEP1 segment1 找到桩代码
2025-05-21 23:23:19,061 - code.core.stub_parser - INFO - 在文件 C:\Users\clark\Desktop\YAMLWeave\YAMLWeave_1.0.0_20250521_232254\_internal\samples\module1\Demo1.1.c 的第 37 行找到锚点: TC102 STEP1 check_business_rules
2025-05-21 23:23:19,061 - code.handlers.yaml_handler - INFO - 使用块格式的代码段: TC102 STEP1 check_business_rules
2025-05-21 23:23:19,061 - code.core.stub_parser - INFO - 为锚点 TC102 STEP1 check_business_rules 找到桩代码
2025-05-21 23:23:19,061 - code.core.stub_parser - INFO - 在文件 C:\Users\clark\Desktop\YAMLWeave\YAMLWeave_1.0.0_20250521_232254\_internal\samples\module1\Demo1.1.c 的第 44 行找到锚点: TC101 STEP1 log_init
2025-05-21 23:23:19,061 - code.handlers.yaml_handler - INFO - 使用块格式的代码段: TC101 STEP1 log_init
2025-05-21 23:23:19,062 - code.core.stub_parser - INFO - 为锚点 TC101 STEP1 log_init 找到桩代码
2025-05-21 23:23:19,062 - code.core.stub_parser - INFO - 在文件 C:\Users\clark\Desktop\YAMLWeave\YAMLWeave_1.0.0_20250521_232254\_internal\samples\module1\Demo1.1.c 的第 46 行找到锚点: TC101 STEP1 segment2
2025-05-21 23:23:19,062 - code.handlers.yaml_handler - INFO - 使用块格式的代码段: TC101 STEP1 segment2
2025-05-21 23:23:19,062 - code.core.stub_parser - INFO - 为锚点 TC101 STEP1 segment2 找到桩代码
2025-05-21 23:23:19,062 - code.core.stub_parser - INFO - 文件 C:\Users\clark\Desktop\YAMLWeave\YAMLWeave_1.0.0_20250521_232254\_internal\samples\module1\Demo1.1.c 将插入 9 个桩点
2025-05-21 23:23:19,062 - code.core.stub_parser - INFO - 在文件 C:\Users\clark\Desktop\YAMLWeave\YAMLWeave_1.0.0_20250521_232254\_internal\samples\module1\Demo1.1.c 中找到 9 个桩点
2025-05-21 23:23:19,063 - code.core.utils - INFO - 成功写入处理后文件: C:\Users\clark\Desktop\YAMLWeave\YAMLWeave_1.0.0_20250521_232254\_internal\samples\module1\Demo1.1.c.stub
2025-05-21 23:23:19,063 - yamlweave.core - INFO - 文件处理成功: C:\Users\clark\Desktop\YAMLWeave\YAMLWeave_1.0.0_20250521_232254\_internal\samples\module1\Demo1.1.c, 插入了 9 个桩点
2025-05-21 23:23:19,070 - yamlweave.core - INFO - 复制处理后文件到结果目录: C:\Users\clark\Desktop\YAMLWeave\YAMLWeave_1.0.0_20250521_232254\_internal\samples_stubbed_20250521_232319\module1\Demo1.1.c
2025-05-21 23:23:19,071 - yamlweave.core - INFO - 处理文件: C:\Users\clark\Desktop\YAMLWeave\YAMLWeave_1.0.0_20250521_232254\_internal\samples\module1\Demo1.2.c
2025-05-21 23:23:19,072 - code.core.utils - INFO - 检测到文件 C:\Users\clark\Desktop\YAMLWeave\YAMLWeave_1.0.0_20250521_232254\_internal\samples\module1\Demo1.2.c 编码: utf-8, 置信度: 0.99
2025-05-21 23:23:19,072 - code.core.utils - INFO - 尝试使用编码 utf-8 读取文件 C:\Users\clark\Desktop\YAMLWeave\YAMLWeave_1.0.0_20250521_232254\_internal\samples\module1\Demo1.2.c
2025-05-21 23:23:19,072 - code.core.utils - INFO - 使用编码 utf-8 成功读取文件 C:\Users\clark\Desktop\YAMLWeave\YAMLWeave_1.0.0_20250521_232254\_internal\samples\module1\Demo1.2.c
2025-05-21 23:23:19,072 - code.core.stub_parser - INFO - 开始处理文件 C:\Users\clark\Desktop\YAMLWeave\YAMLWeave_1.0.0_20250521_232254\_internal\samples\module1\Demo1.2.c
2025-05-21 23:23:19,072 - code.core.stub_parser - INFO - YAML配置中存在的测试用例: ['TC001', 'TC002', 'TC101', 'TC102', 'TC103', 'TC201', 'TC202', 'TC203']
2025-05-21 23:23:19,072 - code.core.stub_parser - INFO - 在文件 C:\Users\clark\Desktop\YAMLWeave\YAMLWeave_1.0.0_20250521_232254\_internal\samples\module1\Demo1.2.c 的第 13 行找到锚点: TC001 STEP3 segment1
2025-05-21 23:23:19,072 - code.handlers.yaml_handler - INFO - 使用块格式的代码段: TC001 STEP3 segment1
2025-05-21 23:23:19,073 - code.core.stub_parser - INFO - 为锚点 TC001 STEP3 segment1 找到桩代码
2025-05-21 23:23:19,073 - code.core.stub_parser - INFO - 在文件 C:\Users\clark\Desktop\YAMLWeave\YAMLWeave_1.0.0_20250521_232254\_internal\samples\module1\Demo1.2.c 的第 17 行找到锚点: TC102 STEP2 segment1
2025-05-21 23:23:19,073 - code.handlers.yaml_handler - INFO - 使用块格式的代码段: TC102 STEP2 segment1
2025-05-21 23:23:19,073 - code.core.stub_parser - INFO - 为锚点 TC102 STEP2 segment1 找到桩代码
2025-05-21 23:23:19,074 - code.core.stub_parser - INFO - 在文件 C:\Users\clark\Desktop\YAMLWeave\YAMLWeave_1.0.0_20250521_232254\_internal\samples\module1\Demo1.2.c 的第 19 行找到锚点: TC102 STEP2 verify_permissions
2025-05-21 23:23:19,074 - code.handlers.yaml_handler - INFO - 使用块格式的代码段: TC102 STEP2 verify_permissions
2025-05-21 23:23:19,074 - code.core.stub_parser - INFO - 为锚点 TC102 STEP2 verify_permissions 找到桩代码
2025-05-21 23:23:19,074 - code.core.stub_parser - INFO - 在文件 C:\Users\clark\Desktop\YAMLWeave\YAMLWeave_1.0.0_20250521_232254\_internal\samples\module1\Demo1.2.c 的第 21 行找到锚点: TC102 STEP2 after_verification
2025-05-21 23:23:19,074 - code.handlers.yaml_handler - INFO - 使用块格式的代码段: TC102 STEP2 after_verification
2025-05-21 23:23:19,074 - code.core.stub_parser - INFO - 为锚点 TC102 STEP2 after_verification 找到桩代码
2025-05-21 23:23:19,074 - code.core.stub_parser - INFO - 在文件 C:\Users\clark\Desktop\YAMLWeave\YAMLWeave_1.0.0_20250521_232254\_internal\samples\module1\Demo1.2.c 的第 28 行找到锚点: TC001 STEP4 segment1
2025-05-21 23:23:19,074 - code.handlers.yaml_handler - INFO - 使用块格式的代码段: TC001 STEP4 segment1
2025-05-21 23:23:19,075 - code.core.stub_parser - INFO - 为锚点 TC001 STEP4 segment1 找到桩代码
2025-05-21 23:23:19,075 - code.core.stub_parser - INFO - 在文件 C:\Users\clark\Desktop\YAMLWeave\YAMLWeave_1.0.0_20250521_232254\_internal\samples\module1\Demo1.2.c 的第 32 行找到锚点: TC103 STEP1 segment1
2025-05-21 23:23:19,075 - code.handlers.yaml_handler - INFO - 使用块格式的代码段: TC103 STEP1 segment1
2025-05-21 23:23:19,075 - code.core.stub_parser - INFO - 为锚点 TC103 STEP1 segment1 找到桩代码
2025-05-21 23:23:19,075 - code.core.stub_parser - INFO - 在文件 C:\Users\clark\Desktop\YAMLWeave\YAMLWeave_1.0.0_20250521_232254\_internal\samples\module1\Demo1.2.c 的第 34 行找到锚点: TC103 STEP1 close_connections
2025-05-21 23:23:19,075 - code.handlers.yaml_handler - INFO - 使用块格式的代码段: TC103 STEP1 close_connections
2025-05-21 23:23:19,075 - code.core.stub_parser - INFO - 为锚点 TC103 STEP1 close_connections 找到桩代码
2025-05-21 23:23:19,075 - code.core.stub_parser - INFO - 在文件 C:\Users\clark\Desktop\YAMLWeave\YAMLWeave_1.0.0_20250521_232254\_internal\samples\module1\Demo1.2.c 的第 36 行找到锚点: TC103 STEP1 rollback
2025-05-21 23:23:19,075 - code.handlers.yaml_handler - INFO - 使用块格式的代码段: TC103 STEP1 rollback
2025-05-21 23:23:19,075 - code.core.stub_parser - INFO - 为锚点 TC103 STEP1 rollback 找到桩代码
2025-05-21 23:23:19,075 - code.core.stub_parser - INFO - 在文件 C:\Users\clark\Desktop\YAMLWeave\YAMLWeave_1.0.0_20250521_232254\_internal\samples\module1\Demo1.2.c 的第 45 行找到锚点: TC103 STEP2 log_error
2025-05-21 23:23:19,076 - code.handlers.yaml_handler - INFO - 使用块格式的代码段: TC103 STEP2 log_error
2025-05-21 23:23:19,076 - code.core.stub_parser - INFO - 为锚点 TC103 STEP2 log_error 找到桩代码
2025-05-21 23:23:19,076 - code.core.stub_parser - INFO - 在文件 C:\Users\clark\Desktop\YAMLWeave\YAMLWeave_1.0.0_20250521_232254\_internal\samples\module1\Demo1.2.c 的第 47 行找到锚点: TC103 STEP2 segment2
2025-05-21 23:23:19,076 - code.handlers.yaml_handler - INFO - 使用块格式的代码段: TC103 STEP2 segment2
2025-05-21 23:23:19,076 - code.core.stub_parser - INFO - 为锚点 TC103 STEP2 segment2 找到桩代码
2025-05-21 23:23:19,076 - code.core.stub_parser - INFO - 在文件 C:\Users\clark\Desktop\YAMLWeave\YAMLWeave_1.0.0_20250521_232254\_internal\samples\module1\Demo1.2.c 的第 49 行找到锚点: TC103 STEP2 completed
2025-05-21 23:23:19,076 - code.handlers.yaml_handler - INFO - 使用块格式的代码段: TC103 STEP2 completed
2025-05-21 23:23:19,076 - code.core.stub_parser - INFO - 为锚点 TC103 STEP2 completed 找到桩代码
2025-05-21 23:23:19,076 - code.core.stub_parser - INFO - 文件 C:\Users\clark\Desktop\YAMLWeave\YAMLWeave_1.0.0_20250521_232254\_internal\samples\module1\Demo1.2.c 将插入 11 个桩点
2025-05-21 23:23:19,076 - code.core.stub_parser - INFO - 在文件 C:\Users\clark\Desktop\YAMLWeave\YAMLWeave_1.0.0_20250521_232254\_internal\samples\module1\Demo1.2.c 中找到 11 个桩点
2025-05-21 23:23:19,077 - code.core.utils - INFO - 成功写入处理后文件: C:\Users\clark\Desktop\YAMLWeave\YAMLWeave_1.0.0_20250521_232254\_internal\samples\module1\Demo1.2.c.stub
2025-05-21 23:23:19,077 - yamlweave.core - INFO - 文件处理成功: C:\Users\clark\Desktop\YAMLWeave\YAMLWeave_1.0.0_20250521_232254\_internal\samples\module1\Demo1.2.c, 插入了 11 个桩点
2025-05-21 23:23:19,084 - yamlweave.core - INFO - 复制处理后文件到结果目录: C:\Users\clark\Desktop\YAMLWeave\YAMLWeave_1.0.0_20250521_232254\_internal\samples_stubbed_20250521_232319\module1\Demo1.2.c
2025-05-21 23:23:19,085 - yamlweave.core - INFO - 处理文件: C:\Users\clark\Desktop\YAMLWeave\YAMLWeave_1.0.0_20250521_232254\_internal\samples\module2\Demo2.1.c
2025-05-21 23:23:19,086 - code.core.utils - INFO - 检测到文件 C:\Users\clark\Desktop\YAMLWeave\YAMLWeave_1.0.0_20250521_232254\_internal\samples\module2\Demo2.1.c 编码: utf-8, 置信度: 0.99
2025-05-21 23:23:19,086 - code.core.utils - INFO - 尝试使用编码 utf-8 读取文件 C:\Users\clark\Desktop\YAMLWeave\YAMLWeave_1.0.0_20250521_232254\_internal\samples\module2\Demo2.1.c
2025-05-21 23:23:19,086 - code.core.utils - INFO - 使用编码 utf-8 成功读取文件 C:\Users\clark\Desktop\YAMLWeave\YAMLWeave_1.0.0_20250521_232254\_internal\samples\module2\Demo2.1.c
2025-05-21 23:23:19,086 - code.core.stub_parser - INFO - 开始处理文件 C:\Users\clark\Desktop\YAMLWeave\YAMLWeave_1.0.0_20250521_232254\_internal\samples\module2\Demo2.1.c
2025-05-21 23:23:19,086 - code.core.stub_parser - INFO - YAML配置中存在的测试用例: ['TC001', 'TC002', 'TC101', 'TC102', 'TC103', 'TC201', 'TC202', 'TC203']
2025-05-21 23:23:19,086 - code.core.stub_parser - INFO - 在文件 C:\Users\clark\Desktop\YAMLWeave\YAMLWeave_1.0.0_20250521_232254\_internal\samples\module2\Demo2.1.c 的第 13 行找到锚点: TC002 STEP1 segment1
2025-05-21 23:23:19,086 - code.handlers.yaml_handler - INFO - 使用块格式的代码段: TC002 STEP1 segment1
2025-05-21 23:23:19,087 - code.core.stub_parser - INFO - 为锚点 TC002 STEP1 segment1 找到桩代码
2025-05-21 23:23:19,087 - code.core.stub_parser - INFO - 在文件 C:\Users\clark\Desktop\YAMLWeave\YAMLWeave_1.0.0_20250521_232254\_internal\samples\module2\Demo2.1.c 的第 17 行找到锚点: TC101 STEP2 network_init
2025-05-21 23:23:19,087 - code.handlers.yaml_handler - INFO - 使用块格式的代码段: TC101 STEP2 network_init
2025-05-21 23:23:19,087 - code.core.stub_parser - INFO - 为锚点 TC101 STEP2 network_init 找到桩代码
2025-05-21 23:23:19,087 - code.core.stub_parser - INFO - 在文件 C:\Users\clark\Desktop\YAMLWeave\YAMLWeave_1.0.0_20250521_232254\_internal\samples\module2\Demo2.1.c 的第 19 行找到锚点: TC101 STEP2 before_db_init
2025-05-21 23:23:19,087 - code.handlers.yaml_handler - INFO - 使用块格式的代码段: TC101 STEP2 before_db_init
2025-05-21 23:23:19,087 - code.core.stub_parser - INFO - 为锚点 TC101 STEP2 before_db_init 找到桩代码
2025-05-21 23:23:19,087 - code.core.stub_parser - INFO - 在文件 C:\Users\clark\Desktop\YAMLWeave\YAMLWeave_1.0.0_20250521_232254\_internal\samples\module2\Demo2.1.c 的第 21 行找到锚点: TC101 STEP2 segment3
2025-05-21 23:23:19,087 - code.handlers.yaml_handler - INFO - 使用块格式的代码段: TC101 STEP2 segment3
2025-05-21 23:23:19,087 - code.core.stub_parser - INFO - 为锚点 TC101 STEP2 segment3 找到桩代码
2025-05-21 23:23:19,088 - code.core.stub_parser - INFO - 在文件 C:\Users\clark\Desktop\YAMLWeave\YAMLWeave_1.0.0_20250521_232254\_internal\samples\module2\Demo2.1.c 的第 28 行找到锚点: TC002 STEP2 segment1
2025-05-21 23:23:19,088 - code.handlers.yaml_handler - INFO - 使用块格式的代码段: TC002 STEP2 segment1
2025-05-21 23:23:19,088 - code.core.stub_parser - INFO - 为锚点 TC002 STEP2 segment1 找到桩代码
2025-05-21 23:23:19,088 - code.core.stub_parser - INFO - 在文件 C:\Users\clark\Desktop\YAMLWeave\YAMLWeave_1.0.0_20250521_232254\_internal\samples\module2\Demo2.1.c 的第 32 行找到锚点: TC202 STEP1 test_min_max
2025-05-21 23:23:19,088 - code.handlers.yaml_handler - INFO - 使用块格式的代码段: TC202 STEP1 test_min_max
2025-05-21 23:23:19,088 - code.core.stub_parser - INFO - 为锚点 TC202 STEP1 test_min_max 找到桩代码
2025-05-21 23:23:19,088 - code.core.stub_parser - INFO - 在文件 C:\Users\clark\Desktop\YAMLWeave\YAMLWeave_1.0.0_20250521_232254\_internal\samples\module2\Demo2.1.c 的第 34 行找到锚点: TC202 STEP1 test_special_chars
2025-05-21 23:23:19,088 - code.handlers.yaml_handler - INFO - 使用块格式的代码段: TC202 STEP1 test_special_chars
2025-05-21 23:23:19,088 - code.core.stub_parser - INFO - 为锚点 TC202 STEP1 test_special_chars 找到桩代码
2025-05-21 23:23:19,088 - code.core.stub_parser - INFO - 在文件 C:\Users\clark\Desktop\YAMLWeave\YAMLWeave_1.0.0_20250521_232254\_internal\samples\module2\Demo2.1.c 的第 41 行找到锚点: TC201 STEP1 benchmark_start
2025-05-21 23:23:19,088 - code.handlers.yaml_handler - INFO - 使用块格式的代码段: TC201 STEP1 benchmark_start
2025-05-21 23:23:19,089 - code.core.stub_parser - INFO - 为锚点 TC201 STEP1 benchmark_start 找到桩代码
2025-05-21 23:23:19,089 - code.core.stub_parser - INFO - 在文件 C:\Users\clark\Desktop\YAMLWeave\YAMLWeave_1.0.0_20250521_232254\_internal\samples\module2\Demo2.1.c 的第 45 行找到锚点: TC203 STEP1 complex_structures
2025-05-21 23:23:19,089 - code.handlers.yaml_handler - INFO - 使用块格式的代码段: TC203 STEP1 complex_structures
2025-05-21 23:23:19,089 - code.core.stub_parser - INFO - 为锚点 TC203 STEP1 complex_structures 找到桩代码
2025-05-21 23:23:19,089 - code.core.stub_parser - INFO - 在文件 C:\Users\clark\Desktop\YAMLWeave\YAMLWeave_1.0.0_20250521_232254\_internal\samples\module2\Demo2.1.c 的第 47 行找到锚点: TC201 STEP1 benchmark_end
2025-05-21 23:23:19,089 - code.handlers.yaml_handler - INFO - 使用块格式的代码段: TC201 STEP1 benchmark_end
2025-05-21 23:23:19,090 - code.core.stub_parser - INFO - 为锚点 TC201 STEP1 benchmark_end 找到桩代码
2025-05-21 23:23:19,090 - code.core.stub_parser - INFO - 文件 C:\Users\clark\Desktop\YAMLWeave\YAMLWeave_1.0.0_20250521_232254\_internal\samples\module2\Demo2.1.c 将插入 10 个桩点
2025-05-21 23:23:19,090 - code.core.stub_parser - INFO - 在文件 C:\Users\clark\Desktop\YAMLWeave\YAMLWeave_1.0.0_20250521_232254\_internal\samples\module2\Demo2.1.c 中找到 10 个桩点
2025-05-21 23:23:19,090 - code.core.utils - INFO - 成功写入处理后文件: C:\Users\clark\Desktop\YAMLWeave\YAMLWeave_1.0.0_20250521_232254\_internal\samples\module2\Demo2.1.c.stub
2025-05-21 23:23:19,091 - yamlweave.core - INFO - 文件处理成功: C:\Users\clark\Desktop\YAMLWeave\YAMLWeave_1.0.0_20250521_232254\_internal\samples\module2\Demo2.1.c, 插入了 10 个桩点
2025-05-21 23:23:19,091 - yamlweave.core - INFO - 复制处理后文件到结果目录: C:\Users\clark\Desktop\YAMLWeave\YAMLWeave_1.0.0_20250521_232254\_internal\samples_stubbed_20250521_232319\module2\Demo2.1.c
2025-05-21 23:23:19,092 - yamlweave.core - INFO - 处理文件: C:\Users\clark\Desktop\YAMLWeave\YAMLWeave_1.0.0_20250521_232254\_internal\samples\module2\Demo2.2.c
2025-05-21 23:23:19,092 - code.core.utils - INFO - 检测到文件 C:\Users\clark\Desktop\YAMLWeave\YAMLWeave_1.0.0_20250521_232254\_internal\samples\module2\Demo2.2.c 编码: utf-8, 置信度: 0.99
2025-05-21 23:23:19,092 - code.core.utils - INFO - 尝试使用编码 utf-8 读取文件 C:\Users\clark\Desktop\YAMLWeave\YAMLWeave_1.0.0_20250521_232254\_internal\samples\module2\Demo2.2.c
2025-05-21 23:23:19,093 - code.core.utils - INFO - 使用编码 utf-8 成功读取文件 C:\Users\clark\Desktop\YAMLWeave\YAMLWeave_1.0.0_20250521_232254\_internal\samples\module2\Demo2.2.c
2025-05-21 23:23:19,093 - code.core.stub_parser - INFO - 开始处理文件 C:\Users\clark\Desktop\YAMLWeave\YAMLWeave_1.0.0_20250521_232254\_internal\samples\module2\Demo2.2.c
2025-05-21 23:23:19,093 - code.core.stub_parser - INFO - YAML配置中存在的测试用例: ['TC001', 'TC002', 'TC101', 'TC102', 'TC103', 'TC201', 'TC202', 'TC203']
2025-05-21 23:23:19,093 - code.core.stub_parser - INFO - 在文件 C:\Users\clark\Desktop\YAMLWeave\YAMLWeave_1.0.0_20250521_232254\_internal\samples\module2\Demo2.2.c 的第 13 行找到锚点: TC002 STEP3 segment1
2025-05-21 23:23:19,093 - code.handlers.yaml_handler - INFO - 使用块格式的代码段: TC002 STEP3 segment1
2025-05-21 23:23:19,093 - code.core.stub_parser - INFO - 为锚点 TC002 STEP3 segment1 找到桩代码
2025-05-21 23:23:19,093 - code.core.stub_parser - INFO - 在文件 C:\Users\clark\Desktop\YAMLWeave\YAMLWeave_1.0.0_20250521_232254\_internal\samples\module2\Demo2.2.c 的第 23 行找到锚点: TC002 STEP4 segment1
2025-05-21 23:23:19,093 - code.handlers.yaml_handler - INFO - 使用块格式的代码段: TC002 STEP4 segment1
2025-05-21 23:23:19,093 - code.core.stub_parser - INFO - 为锚点 TC002 STEP4 segment1 找到桩代码
2025-05-21 23:23:19,094 - code.core.stub_parser - INFO - 在文件 C:\Users\clark\Desktop\YAMLWeave\YAMLWeave_1.0.0_20250521_232254\_internal\samples\module2\Demo2.2.c 的第 27 行找到锚点: TC202 STEP1 test_min_max
2025-05-21 23:23:19,094 - code.handlers.yaml_handler - INFO - 使用块格式的代码段: TC202 STEP1 test_min_max
2025-05-21 23:23:19,094 - code.core.stub_parser - INFO - 为锚点 TC202 STEP1 test_min_max 找到桩代码
2025-05-21 23:23:19,094 - code.core.stub_parser - INFO - 在文件 C:\Users\clark\Desktop\YAMLWeave\YAMLWeave_1.0.0_20250521_232254\_internal\samples\module2\Demo2.2.c 的第 36 行找到锚点: TC203 STEP1 complex_structures
2025-05-21 23:23:19,094 - code.handlers.yaml_handler - INFO - 使用块格式的代码段: TC203 STEP1 complex_structures
2025-05-21 23:23:19,094 - code.core.stub_parser - INFO - 为锚点 TC203 STEP1 complex_structures 找到桩代码
2025-05-21 23:23:19,094 - code.core.stub_parser - INFO - 文件 C:\Users\clark\Desktop\YAMLWeave\YAMLWeave_1.0.0_20250521_232254\_internal\samples\module2\Demo2.2.c 将插入 4 个桩点
2025-05-21 23:23:19,094 - code.core.stub_parser - INFO - 在文件 C:\Users\clark\Desktop\YAMLWeave\YAMLWeave_1.0.0_20250521_232254\_internal\samples\module2\Demo2.2.c 中找到 4 个桩点
2025-05-21 23:23:19,095 - code.core.utils - INFO - 成功写入处理后文件: C:\Users\clark\Desktop\YAMLWeave\YAMLWeave_1.0.0_20250521_232254\_internal\samples\module2\Demo2.2.c.stub
2025-05-21 23:23:19,095 - yamlweave.core - INFO - 文件处理成功: C:\Users\clark\Desktop\YAMLWeave\YAMLWeave_1.0.0_20250521_232254\_internal\samples\module2\Demo2.2.c, 插入了 4 个桩点
2025-05-21 23:23:19,101 - yamlweave.core - INFO - 复制处理后文件到结果目录: C:\Users\clark\Desktop\YAMLWeave\YAMLWeave_1.0.0_20250521_232254\_internal\samples_stubbed_20250521_232319\module2\Demo2.2.c
2025-05-21 23:23:19,102 - yamlweave.core - INFO - 目录处理完成: C:\Users\clark\Desktop\YAMLWeave\YAMLWeave_1.0.0_20250521_232254\_internal\samples
2025-05-21 23:23:19,102 - yamlweave.core - INFO - 总文件数: 4
2025-05-21 23:23:19,102 - yamlweave.core - INFO - 处理文件数: 4
2025-05-21 23:23:19,102 - yamlweave.core - INFO - 插入桩点数: 34
2025-05-21 23:23:19,102 - yamlweave - INFO - 文件总数: 4
2025-05-21 23:23:19,107 - yamlweave - INFO - 处理成功文件: 4
2025-05-21 23:23:19,112 - yamlweave - INFO - 成功插入桩点: 34
2025-05-21 23:23:19,118 - yamlweave - INFO - 原始项目备份目录: C:\Users\clark\Desktop\YAMLWeave\YAMLWeave_1.0.0_20250521_232254\_internal\samples_backup_20250521_232319
2025-05-21 23:23:19,133 - yamlweave - INFO - 处理结果目录: C:\Users\clark\Desktop\YAMLWeave\YAMLWeave_1.0.0_20250521_232254\_internal\samples_stubbed_20250521_232319
2025-05-21 23:23:20,687 - __main__ - INFO - 应用正常退出
2025-05-21 23:23:20,687 - __main__ - INFO - 应用结束
