2025-05-21 23:22:27,582 - code.handlers.comment_handler - WARNING - 使用基本日志配置
2025-05-21 23:22:27,582 - code.core.stub_processor - INFO - 成功使用相对导入加载处理器
2025-05-21 23:22:27,584 - code.core.stub_parser - ERROR - 无法导入YamlStubHandler，锚点与桩代码分离功能将不可用
2025-05-21 23:22:27,590 - root - INFO - 当前目录: c:\Users\clark\Desktop\YAMLWeave\code
2025-05-21 23:22:27,590 - root - INFO - 父级目录: c:\Users\clark\Desktop\YAMLWeave
2025-05-21 23:22:27,590 - root - INFO - 成功从code.core包导入StubProcessor
2025-05-21 23:22:27,591 - yamlweave - INFO - 成功从code包导入核心模块
2025-05-21 23:22:27,592 - __main__ - INFO - 成功导入核心模块 (code 前缀)
2025-05-21 23:22:27,592 - __main__ - INFO - 启动YAMLWeave应用
2025-05-21 23:22:27,593 - __main__ - INFO - 设置工作目录: c:\Users\clark\Desktop\YAMLWeave
2025-05-21 23:22:27,593 - __main__ - INFO - 操作系统: win32
2025-05-21 23:22:27,593 - __main__ - INFO - Python版本: 3.12.9 | packaged by Anaconda, Inc. | (main, Feb  6 2025, 18:49:16) [MSC v.1929 64 bit (AMD64)]
2025-05-21 23:22:27,594 - __main__ - INFO - 当前工作目录: c:\Users\clark\Desktop\YAMLWeave
2025-05-21 23:22:27,594 - __main__ - INFO - 应用根目录: c:\Users\clark\Desktop\YAMLWeave
2025-05-21 23:22:27,594 - __main__ - INFO - sys.path: ['c:\\Users\\clark\\Desktop\\YAMLWeave', 'c:\\Users\\clark\\Desktop\\YAMLWeave\\code', 'C:\\Users\\clark\\anaconda3\\Lib\\site-packages', 'C:\\Users\\clark\\anaconda3\\envs\\AUTO_RT\\python312.zip', 'C:\\Users\\clark\\anaconda3\\envs\\AUTO_RT\\DLLs', 'C:\\Users\\clark\\anaconda3\\envs\\AUTO_RT\\Lib', 'C:\\Users\\clark\\anaconda3\\envs\\AUTO_RT', 'C:\\Users\\clark\\anaconda3\\envs\\AUTO_RT\\Lib\\site-packages']
2025-05-21 23:22:27,594 - __main__ - INFO - 应用根目录: c:\Users\clark\Desktop\YAMLWeave
2025-05-21 23:22:27,595 - __main__ - INFO - 确保示例目录存在: c:\Users\clark\Desktop\YAMLWeave\samples
2025-05-21 23:22:27,596 - __main__ - INFO - 确保模块目录存在: c:\Users\clark\Desktop\YAMLWeave\samples\module1
2025-05-21 23:22:27,597 - __main__ - INFO - 确保模块目录存在: c:\Users\clark\Desktop\YAMLWeave\samples\module2
2025-05-21 23:22:27,597 - __main__ - INFO - 创建示例文件: c:\Users\clark\Desktop\YAMLWeave\samples\module1\Demo1.1.c
2025-05-21 23:22:27,598 - __main__ - INFO - 创建示例文件: c:\Users\clark\Desktop\YAMLWeave\samples\module1\Demo1.2.c
2025-05-21 23:22:27,600 - __main__ - INFO - 创建示例文件: c:\Users\clark\Desktop\YAMLWeave\samples\module2\Demo2.1.c
2025-05-21 23:22:27,601 - __main__ - INFO - 创建示例文件: c:\Users\clark\Desktop\YAMLWeave\samples\module2\Demo2.2.c
2025-05-21 23:22:27,601 - __main__ - INFO - 开始创建高级测试用例: c:\Users\clark\Desktop\YAMLWeave\samples
2025-05-21 23:22:27,602 - __main__ - INFO - 成功创建高级测试用例
2025-05-21 23:22:27,603 - __main__ - INFO - 创建综合测试YAML配置: c:\Users\clark\Desktop\YAMLWeave\samples\all_tests.yaml
2025-05-21 23:22:27,603 - __main__ - INFO - 成功创建合并的YAML配置文件: c:\Users\clark\Desktop\YAMLWeave\samples\all_tests.yaml
2025-05-21 23:22:27,699 - __main__ - INFO - 成功创建Tkinter根窗口
2025-05-21 23:22:27,699 - __main__ - INFO - 开始创建UI实例...
2025-05-21 23:22:27,699 - __main__ - INFO - 成功通过直接导入方式加载UI组件
2025-05-21 23:22:27,913 - __main__ - INFO - 成功创建UI实例
2025-05-21 23:22:27,913 - yamlweave.core - INFO - 桩处理器组件初始化完成
2025-05-21 23:22:27,930 - yamlweave - INFO - 创建StubProcessor适配器
2025-05-21 23:22:27,948 - yamlweave - INFO - 处理器类型: StubProcessor
2025-05-21 23:22:27,956 - yamlweave - INFO - 处理器具有process_files方法
2025-05-21 23:22:27,964 - yamlweave - INFO - 初始化时设置了处理器的UI引用
2025-05-21 23:22:27,976 - yamlweave - INFO - 成功初始化StubProcessor
2025-05-21 23:22:27,982 - yamlweave - INFO - StubProcessor具有process_directory方法
2025-05-21 23:22:27,993 - yamlweave - INFO - 成功设置处理回调
2025-05-21 23:22:27,998 - __main__ - INFO - 成功创建控制器实例
2025-05-21 23:22:28,129 - root - INFO - 日志目录不存在: c:\Users\clark\Desktop\YAMLWeave\execution_logs
2025-05-21 23:22:28,136 - root - INFO - 日志目录不存在: C:\Users\clark\AppData\Local\Temp\yamlweave_logs
2025-05-21 23:22:28,147 - root - INFO - 扫描日志目录: C:\Users\clark\AppData\Local\Temp
2025-05-21 23:22:28,174 - root - INFO - 扫描日志目录: c:\Users\clark\Desktop\YAMLWeave\logs_20250521_232227
2025-05-21 23:22:28,182 - root - WARNING - 未找到任何执行日志文件
2025-05-21 23:22:28,187 - __main__ - INFO - 进入主循环
2025-05-21 23:22:30,888 - yamlweave - INFO - 开始处理目录: c:\Users\clark\Desktop\YAMLWeave\samples
2025-05-21 23:22:30,892 - yamlweave - INFO - 使用YAML配置: c:\Users\clark\Desktop\YAMLWeave\samples\all_tests.yaml
2025-05-21 23:22:30,899 - yamlweave.core - INFO - 设置YAML配置文件: c:\Users\clark\Desktop\YAMLWeave\samples\all_tests.yaml
2025-05-21 23:22:30,903 - code.handlers.yaml_handler - INFO - 尝试加载YAML配置文件: c:\Users\clark\Desktop\YAMLWeave\samples\all_tests.yaml
2025-05-21 23:22:30,906 - code.handlers.yaml_handler - INFO - 文件存在检验通过: c:\Users\clark\Desktop\YAMLWeave\samples\all_tests.yaml
2025-05-21 23:22:30,913 - code.handlers.yaml_handler - INFO - YAML文件大小: 11323 字节
2025-05-21 23:22:30,950 - code.handlers.yaml_handler - INFO - 自动检测到编码: utf-8, 置信度: 0.99
2025-05-21 23:22:30,954 - code.handlers.yaml_handler - INFO - 尝试使用编码 utf-8 读取文件
2025-05-21 23:22:30,956 - code.handlers.yaml_handler - INFO - 使用编码 utf-8 成功读取文件
2025-05-21 23:22:30,960 - code.handlers.yaml_handler - INFO - 开始解析YAML内容
2025-05-21 23:22:30,968 - code.handlers.yaml_handler - INFO - 初步YAML解析结果: ['TC001', 'TC002', 'TC101', 'TC102', 'TC103', 'TC201', 'TC202', 'TC203']
2025-05-21 23:22:30,973 - code.handlers.yaml_handler - INFO - 检查测试用例 TC001 数据: <class 'dict'>
2025-05-21 23:22:30,979 - code.handlers.yaml_handler - INFO - 检查测试用例 TC002 数据: <class 'dict'>
2025-05-21 23:22:30,982 - code.handlers.yaml_handler - INFO - 检查测试用例 TC101 数据: <class 'dict'>
2025-05-21 23:22:30,985 - code.handlers.yaml_handler - INFO - 检查测试用例 TC102 数据: <class 'dict'>
2025-05-21 23:22:30,988 - code.handlers.yaml_handler - INFO - 检查测试用例 TC103 数据: <class 'dict'>
2025-05-21 23:22:30,989 - code.handlers.yaml_handler - INFO - 检查测试用例 TC201 数据: <class 'dict'>
2025-05-21 23:22:30,993 - code.handlers.yaml_handler - INFO - 检查测试用例 TC202 数据: <class 'dict'>
2025-05-21 23:22:30,995 - code.handlers.yaml_handler - INFO - 检查测试用例 TC203 数据: <class 'dict'>
2025-05-21 23:22:30,997 - code.handlers.yaml_handler - INFO - YAML加载结果类型: <class 'dict'>
2025-05-21 23:22:31,000 - code.handlers.yaml_handler - INFO - YAML配置包含 8 个测试用例: TC001, TC002, TC101, TC102, TC103, TC201, TC202, TC203
2025-05-21 23:22:31,006 - code.handlers.yaml_handler - INFO - 成功加载YAML配置文件: c:\Users\clark\Desktop\YAMLWeave\samples\all_tests.yaml
2025-05-21 23:22:31,010 - yamlweave.core - INFO - 成功加载YAML配置文件: c:\Users\clark\Desktop\YAMLWeave\samples\all_tests.yaml
2025-05-21 23:22:31,013 - yamlweave - INFO - 通过set_yaml_file方法设置YAML文件: c:\Users\clark\Desktop\YAMLWeave\samples\all_tests.yaml
2025-05-21 23:22:31,017 - yamlweave - INFO - 设置UI引用给处理器
2025-05-21 23:22:31,023 - yamlweave - INFO - 已设置内部处理器的UI引用
2025-05-21 23:22:31,032 - yamlweave - INFO - 适配器处理目录: c:\Users\clark\Desktop\YAMLWeave\samples
2025-05-21 23:22:31,040 - yamlweave - INFO - 使用原生process_directory方法
2025-05-21 23:22:31,043 - yamlweave - INFO - 开始备份整个项目目录: c:\Users\clark\Desktop\YAMLWeave\samples -> c:\Users\clark\Desktop\YAMLWeave\samples_backup_20250521_232231
2025-05-21 23:22:31,057 - yamlweave - INFO - 项目目录备份成功: c:\Users\clark\Desktop\YAMLWeave\samples_backup_20250521_232231
2025-05-21 23:22:31,062 - yamlweave - INFO - 创建插桩结果目录: c:\Users\clark\Desktop\YAMLWeave\samples_stubbed_20250521_232231
2025-05-21 23:22:31,072 - code.core.stub_processor - INFO - 在目录 c:\Users\clark\Desktop\YAMLWeave\samples 中查找.c源文件
2025-05-21 23:22:31,077 - code.core.stub_processor - INFO - 目录 c:\Users\clark\Desktop\YAMLWeave\samples 内容: ['all_tests.yaml', 'module1', 'module2']
2025-05-21 23:22:31,083 - code.core.stub_processor - INFO - 找到C源文件: c:\Users\clark\Desktop\YAMLWeave\samples\module1\Demo1.1.c
2025-05-21 23:22:31,088 - code.core.stub_processor - INFO - 找到C源文件: c:\Users\clark\Desktop\YAMLWeave\samples\module1\Demo1.2.c
2025-05-21 23:22:31,094 - code.core.stub_processor - INFO - 找到C源文件: c:\Users\clark\Desktop\YAMLWeave\samples\module2\Demo2.1.c
2025-05-21 23:22:31,099 - code.core.stub_processor - INFO - 找到C源文件: c:\Users\clark\Desktop\YAMLWeave\samples\module2\Demo2.2.c
2025-05-21 23:22:31,105 - code.core.stub_processor - INFO - 总共找到 4 个.c源文件
2025-05-21 23:22:31,112 - code.core.stub_processor - INFO - 文件 1: c:\Users\clark\Desktop\YAMLWeave\samples\module1\Demo1.1.c
2025-05-21 23:22:31,115 - code.core.stub_processor - INFO - 文件 2: c:\Users\clark\Desktop\YAMLWeave\samples\module1\Demo1.2.c
2025-05-21 23:22:31,120 - code.core.stub_processor - INFO - 文件 3: c:\Users\clark\Desktop\YAMLWeave\samples\module2\Demo2.1.c
2025-05-21 23:22:31,123 - code.core.stub_processor - INFO - 文件 4: c:\Users\clark\Desktop\YAMLWeave\samples\module2\Demo2.2.c
2025-05-21 23:22:31,144 - yamlweave.core - INFO - 处理文件: c:\Users\clark\Desktop\YAMLWeave\samples\module1\Demo1.1.c
2025-05-21 23:22:31,149 - code.core.utils - INFO - 检测到文件 c:\Users\clark\Desktop\YAMLWeave\samples\module1\Demo1.1.c 编码: utf-8, 置信度: 0.99
2025-05-21 23:22:31,154 - code.core.utils - INFO - 尝试使用编码 utf-8 读取文件 c:\Users\clark\Desktop\YAMLWeave\samples\module1\Demo1.1.c
2025-05-21 23:22:31,163 - code.core.utils - INFO - 使用编码 utf-8 成功读取文件 c:\Users\clark\Desktop\YAMLWeave\samples\module1\Demo1.1.c
2025-05-21 23:22:31,168 - code.core.stub_parser - INFO - 开始处理文件 c:\Users\clark\Desktop\YAMLWeave\samples\module1\Demo1.1.c
2025-05-21 23:22:31,173 - code.core.stub_parser - INFO - YAML配置中存在的测试用例: ['TC001', 'TC002', 'TC101', 'TC102', 'TC103', 'TC201', 'TC202', 'TC203']
2025-05-21 23:22:31,182 - code.core.stub_parser - INFO - 在文件 c:\Users\clark\Desktop\YAMLWeave\samples\module1\Demo1.1.c 的第 14 行找到锚点: TC001 STEP1 segment1
2025-05-21 23:22:31,197 - code.handlers.yaml_handler - INFO - 使用块格式的代码段: TC001 STEP1 segment1
2025-05-21 23:22:31,203 - code.core.stub_parser - INFO - 为锚点 TC001 STEP1 segment1 找到桩代码
2025-05-21 23:22:31,214 - code.core.stub_parser - INFO - 在文件 c:\Users\clark\Desktop\YAMLWeave\samples\module1\Demo1.1.c 的第 18 行找到锚点: TC101 STEP1 segment1
2025-05-21 23:22:31,222 - code.handlers.yaml_handler - INFO - 使用块格式的代码段: TC101 STEP1 segment1
2025-05-21 23:22:31,226 - code.core.stub_parser - INFO - 为锚点 TC101 STEP1 segment1 找到桩代码
2025-05-21 23:22:31,231 - code.core.stub_parser - INFO - 在文件 c:\Users\clark\Desktop\YAMLWeave\samples\module1\Demo1.1.c 的第 20 行找到锚点: TC201 STEP1 benchmark_start
2025-05-21 23:22:31,239 - code.handlers.yaml_handler - INFO - 使用块格式的代码段: TC201 STEP1 benchmark_start
2025-05-21 23:22:31,246 - code.core.stub_parser - INFO - 为锚点 TC201 STEP1 benchmark_start 找到桩代码
2025-05-21 23:22:31,253 - code.core.stub_parser - INFO - 在文件 c:\Users\clark\Desktop\YAMLWeave\samples\module1\Demo1.1.c 的第 29 行找到锚点: TC001 STEP2 segment1
2025-05-21 23:22:31,258 - code.handlers.yaml_handler - INFO - 使用块格式的代码段: TC001 STEP2 segment1
2025-05-21 23:22:31,262 - code.core.stub_parser - INFO - 为锚点 TC001 STEP2 segment1 找到桩代码
2025-05-21 23:22:31,270 - code.core.stub_parser - INFO - 在文件 c:\Users\clark\Desktop\YAMLWeave\samples\module1\Demo1.1.c 的第 33 行找到锚点: TC102 STEP1 format_check
2025-05-21 23:22:31,276 - code.handlers.yaml_handler - INFO - 使用块格式的代码段: TC102 STEP1 format_check
2025-05-21 23:22:31,280 - code.core.stub_parser - INFO - 为锚点 TC102 STEP1 format_check 找到桩代码
2025-05-21 23:22:31,287 - code.core.stub_parser - INFO - 在文件 c:\Users\clark\Desktop\YAMLWeave\samples\module1\Demo1.1.c 的第 35 行找到锚点: TC102 STEP1 segment1
2025-05-21 23:22:31,294 - code.handlers.yaml_handler - INFO - 使用块格式的代码段: TC102 STEP1 segment1
2025-05-21 23:22:31,300 - code.core.stub_parser - INFO - 为锚点 TC102 STEP1 segment1 找到桩代码
2025-05-21 23:22:31,306 - code.core.stub_parser - INFO - 在文件 c:\Users\clark\Desktop\YAMLWeave\samples\module1\Demo1.1.c 的第 37 行找到锚点: TC102 STEP1 check_business_rules
2025-05-21 23:22:31,313 - code.handlers.yaml_handler - INFO - 使用块格式的代码段: TC102 STEP1 check_business_rules
2025-05-21 23:22:31,318 - code.core.stub_parser - INFO - 为锚点 TC102 STEP1 check_business_rules 找到桩代码
2025-05-21 23:22:31,323 - code.core.stub_parser - INFO - 在文件 c:\Users\clark\Desktop\YAMLWeave\samples\module1\Demo1.1.c 的第 44 行找到锚点: TC101 STEP1 log_init
2025-05-21 23:22:31,332 - code.handlers.yaml_handler - INFO - 使用块格式的代码段: TC101 STEP1 log_init
2025-05-21 23:22:31,338 - code.core.stub_parser - INFO - 为锚点 TC101 STEP1 log_init 找到桩代码
2025-05-21 23:22:31,347 - code.core.stub_parser - INFO - 在文件 c:\Users\clark\Desktop\YAMLWeave\samples\module1\Demo1.1.c 的第 46 行找到锚点: TC101 STEP1 segment2
2025-05-21 23:22:31,355 - code.handlers.yaml_handler - INFO - 使用块格式的代码段: TC101 STEP1 segment2
2025-05-21 23:22:31,363 - code.core.stub_parser - INFO - 为锚点 TC101 STEP1 segment2 找到桩代码
2025-05-21 23:22:31,369 - code.core.stub_parser - INFO - 文件 c:\Users\clark\Desktop\YAMLWeave\samples\module1\Demo1.1.c 将插入 9 个桩点
2025-05-21 23:22:31,377 - code.core.stub_parser - INFO - 在文件 c:\Users\clark\Desktop\YAMLWeave\samples\module1\Demo1.1.c 中找到 9 个桩点
2025-05-21 23:22:31,385 - code.core.utils - INFO - 成功写入处理后文件: c:\Users\clark\Desktop\YAMLWeave\samples\module1\Demo1.1.c.stub
2025-05-21 23:22:31,395 - yamlweave.core - INFO - 文件处理成功: c:\Users\clark\Desktop\YAMLWeave\samples\module1\Demo1.1.c, 插入了 9 个桩点
2025-05-21 23:22:31,412 - yamlweave.core - INFO - 复制处理后文件到结果目录: c:\Users\clark\Desktop\YAMLWeave\samples_stubbed_20250521_232231\module1\Demo1.1.c
2025-05-21 23:22:31,433 - yamlweave.core - INFO - 处理文件: c:\Users\clark\Desktop\YAMLWeave\samples\module1\Demo1.2.c
2025-05-21 23:22:31,440 - code.core.utils - INFO - 检测到文件 c:\Users\clark\Desktop\YAMLWeave\samples\module1\Demo1.2.c 编码: utf-8, 置信度: 0.99
2025-05-21 23:22:31,447 - code.core.utils - INFO - 尝试使用编码 utf-8 读取文件 c:\Users\clark\Desktop\YAMLWeave\samples\module1\Demo1.2.c
2025-05-21 23:22:31,454 - code.core.utils - INFO - 使用编码 utf-8 成功读取文件 c:\Users\clark\Desktop\YAMLWeave\samples\module1\Demo1.2.c
2025-05-21 23:22:31,464 - code.core.stub_parser - INFO - 开始处理文件 c:\Users\clark\Desktop\YAMLWeave\samples\module1\Demo1.2.c
2025-05-21 23:22:31,473 - code.core.stub_parser - INFO - YAML配置中存在的测试用例: ['TC001', 'TC002', 'TC101', 'TC102', 'TC103', 'TC201', 'TC202', 'TC203']
2025-05-21 23:22:31,481 - code.core.stub_parser - INFO - 在文件 c:\Users\clark\Desktop\YAMLWeave\samples\module1\Demo1.2.c 的第 13 行找到锚点: TC001 STEP3 segment1
2025-05-21 23:22:31,493 - code.handlers.yaml_handler - INFO - 使用块格式的代码段: TC001 STEP3 segment1
2025-05-21 23:22:31,498 - code.core.stub_parser - INFO - 为锚点 TC001 STEP3 segment1 找到桩代码
2025-05-21 23:22:31,507 - code.core.stub_parser - INFO - 在文件 c:\Users\clark\Desktop\YAMLWeave\samples\module1\Demo1.2.c 的第 17 行找到锚点: TC102 STEP2 segment1
2025-05-21 23:22:31,514 - code.handlers.yaml_handler - INFO - 使用块格式的代码段: TC102 STEP2 segment1
2025-05-21 23:22:31,523 - code.core.stub_parser - INFO - 为锚点 TC102 STEP2 segment1 找到桩代码
2025-05-21 23:22:31,529 - code.core.stub_parser - INFO - 在文件 c:\Users\clark\Desktop\YAMLWeave\samples\module1\Demo1.2.c 的第 19 行找到锚点: TC102 STEP2 verify_permissions
2025-05-21 23:22:31,539 - code.handlers.yaml_handler - INFO - 使用块格式的代码段: TC102 STEP2 verify_permissions
2025-05-21 23:22:31,547 - code.core.stub_parser - INFO - 为锚点 TC102 STEP2 verify_permissions 找到桩代码
2025-05-21 23:22:31,557 - code.core.stub_parser - INFO - 在文件 c:\Users\clark\Desktop\YAMLWeave\samples\module1\Demo1.2.c 的第 21 行找到锚点: TC102 STEP2 after_verification
2025-05-21 23:22:31,568 - code.handlers.yaml_handler - INFO - 使用块格式的代码段: TC102 STEP2 after_verification
2025-05-21 23:22:31,574 - code.core.stub_parser - INFO - 为锚点 TC102 STEP2 after_verification 找到桩代码
2025-05-21 23:22:31,582 - code.core.stub_parser - INFO - 在文件 c:\Users\clark\Desktop\YAMLWeave\samples\module1\Demo1.2.c 的第 28 行找到锚点: TC001 STEP4 segment1
2025-05-21 23:22:31,595 - code.handlers.yaml_handler - INFO - 使用块格式的代码段: TC001 STEP4 segment1
2025-05-21 23:22:31,603 - code.core.stub_parser - INFO - 为锚点 TC001 STEP4 segment1 找到桩代码
2025-05-21 23:22:31,610 - code.core.stub_parser - INFO - 在文件 c:\Users\clark\Desktop\YAMLWeave\samples\module1\Demo1.2.c 的第 32 行找到锚点: TC103 STEP1 segment1
2025-05-21 23:22:31,619 - code.handlers.yaml_handler - INFO - 使用块格式的代码段: TC103 STEP1 segment1
2025-05-21 23:22:31,626 - code.core.stub_parser - INFO - 为锚点 TC103 STEP1 segment1 找到桩代码
2025-05-21 23:22:31,634 - code.core.stub_parser - INFO - 在文件 c:\Users\clark\Desktop\YAMLWeave\samples\module1\Demo1.2.c 的第 34 行找到锚点: TC103 STEP1 close_connections
2025-05-21 23:22:31,643 - code.handlers.yaml_handler - INFO - 使用块格式的代码段: TC103 STEP1 close_connections
2025-05-21 23:22:31,649 - code.core.stub_parser - INFO - 为锚点 TC103 STEP1 close_connections 找到桩代码
2025-05-21 23:22:31,657 - code.core.stub_parser - INFO - 在文件 c:\Users\clark\Desktop\YAMLWeave\samples\module1\Demo1.2.c 的第 36 行找到锚点: TC103 STEP1 rollback
2025-05-21 23:22:31,664 - code.handlers.yaml_handler - INFO - 使用块格式的代码段: TC103 STEP1 rollback
2025-05-21 23:22:31,673 - code.core.stub_parser - INFO - 为锚点 TC103 STEP1 rollback 找到桩代码
2025-05-21 23:22:31,680 - code.core.stub_parser - INFO - 在文件 c:\Users\clark\Desktop\YAMLWeave\samples\module1\Demo1.2.c 的第 45 行找到锚点: TC103 STEP2 log_error
2025-05-21 23:22:31,693 - code.handlers.yaml_handler - INFO - 使用块格式的代码段: TC103 STEP2 log_error
2025-05-21 23:22:31,701 - code.core.stub_parser - INFO - 为锚点 TC103 STEP2 log_error 找到桩代码
2025-05-21 23:22:31,709 - code.core.stub_parser - INFO - 在文件 c:\Users\clark\Desktop\YAMLWeave\samples\module1\Demo1.2.c 的第 47 行找到锚点: TC103 STEP2 segment2
2025-05-21 23:22:31,715 - code.handlers.yaml_handler - INFO - 使用块格式的代码段: TC103 STEP2 segment2
2025-05-21 23:22:31,725 - code.core.stub_parser - INFO - 为锚点 TC103 STEP2 segment2 找到桩代码
2025-05-21 23:22:31,732 - code.core.stub_parser - INFO - 在文件 c:\Users\clark\Desktop\YAMLWeave\samples\module1\Demo1.2.c 的第 49 行找到锚点: TC103 STEP2 completed
2025-05-21 23:22:31,741 - code.handlers.yaml_handler - INFO - 使用块格式的代码段: TC103 STEP2 completed
2025-05-21 23:22:31,753 - code.core.stub_parser - INFO - 为锚点 TC103 STEP2 completed 找到桩代码
2025-05-21 23:22:31,764 - code.core.stub_parser - INFO - 文件 c:\Users\clark\Desktop\YAMLWeave\samples\module1\Demo1.2.c 将插入 11 个桩点
2025-05-21 23:22:31,772 - code.core.stub_parser - INFO - 在文件 c:\Users\clark\Desktop\YAMLWeave\samples\module1\Demo1.2.c 中找到 11 个桩点
2025-05-21 23:22:31,786 - code.core.utils - INFO - 成功写入处理后文件: c:\Users\clark\Desktop\YAMLWeave\samples\module1\Demo1.2.c.stub
2025-05-21 23:22:31,793 - yamlweave.core - INFO - 文件处理成功: c:\Users\clark\Desktop\YAMLWeave\samples\module1\Demo1.2.c, 插入了 11 个桩点
2025-05-21 23:22:31,808 - yamlweave.core - INFO - 复制处理后文件到结果目录: c:\Users\clark\Desktop\YAMLWeave\samples_stubbed_20250521_232231\module1\Demo1.2.c
2025-05-21 23:22:31,834 - yamlweave.core - INFO - 处理文件: c:\Users\clark\Desktop\YAMLWeave\samples\module2\Demo2.1.c
2025-05-21 23:22:31,847 - code.core.utils - INFO - 检测到文件 c:\Users\clark\Desktop\YAMLWeave\samples\module2\Demo2.1.c 编码: utf-8, 置信度: 0.99
2025-05-21 23:22:31,855 - code.core.utils - INFO - 尝试使用编码 utf-8 读取文件 c:\Users\clark\Desktop\YAMLWeave\samples\module2\Demo2.1.c
2025-05-21 23:22:31,863 - code.core.utils - INFO - 使用编码 utf-8 成功读取文件 c:\Users\clark\Desktop\YAMLWeave\samples\module2\Demo2.1.c
2025-05-21 23:22:31,873 - code.core.stub_parser - INFO - 开始处理文件 c:\Users\clark\Desktop\YAMLWeave\samples\module2\Demo2.1.c
2025-05-21 23:22:31,884 - code.core.stub_parser - INFO - YAML配置中存在的测试用例: ['TC001', 'TC002', 'TC101', 'TC102', 'TC103', 'TC201', 'TC202', 'TC203']
2025-05-21 23:22:31,891 - code.core.stub_parser - INFO - 在文件 c:\Users\clark\Desktop\YAMLWeave\samples\module2\Demo2.1.c 的第 13 行找到锚点: TC002 STEP1 segment1
2025-05-21 23:22:31,898 - code.handlers.yaml_handler - INFO - 使用块格式的代码段: TC002 STEP1 segment1
2025-05-21 23:22:31,908 - code.core.stub_parser - INFO - 为锚点 TC002 STEP1 segment1 找到桩代码
2025-05-21 23:22:31,915 - code.core.stub_parser - INFO - 在文件 c:\Users\clark\Desktop\YAMLWeave\samples\module2\Demo2.1.c 的第 17 行找到锚点: TC101 STEP2 network_init
2025-05-21 23:22:31,923 - code.handlers.yaml_handler - INFO - 使用块格式的代码段: TC101 STEP2 network_init
2025-05-21 23:22:31,931 - code.core.stub_parser - INFO - 为锚点 TC101 STEP2 network_init 找到桩代码
2025-05-21 23:22:31,939 - code.core.stub_parser - INFO - 在文件 c:\Users\clark\Desktop\YAMLWeave\samples\module2\Demo2.1.c 的第 19 行找到锚点: TC101 STEP2 before_db_init
2025-05-21 23:22:31,946 - code.handlers.yaml_handler - INFO - 使用块格式的代码段: TC101 STEP2 before_db_init
2025-05-21 23:22:31,955 - code.core.stub_parser - INFO - 为锚点 TC101 STEP2 before_db_init 找到桩代码
2025-05-21 23:22:31,961 - code.core.stub_parser - INFO - 在文件 c:\Users\clark\Desktop\YAMLWeave\samples\module2\Demo2.1.c 的第 21 行找到锚点: TC101 STEP2 segment3
2025-05-21 23:22:31,971 - code.handlers.yaml_handler - INFO - 使用块格式的代码段: TC101 STEP2 segment3
2025-05-21 23:22:31,977 - code.core.stub_parser - INFO - 为锚点 TC101 STEP2 segment3 找到桩代码
2025-05-21 23:22:31,986 - code.core.stub_parser - INFO - 在文件 c:\Users\clark\Desktop\YAMLWeave\samples\module2\Demo2.1.c 的第 28 行找到锚点: TC002 STEP2 segment1
2025-05-21 23:22:31,993 - code.handlers.yaml_handler - INFO - 使用块格式的代码段: TC002 STEP2 segment1
2025-05-21 23:22:31,998 - code.core.stub_parser - INFO - 为锚点 TC002 STEP2 segment1 找到桩代码
2025-05-21 23:22:32,006 - code.core.stub_parser - INFO - 在文件 c:\Users\clark\Desktop\YAMLWeave\samples\module2\Demo2.1.c 的第 32 行找到锚点: TC202 STEP1 test_min_max
2025-05-21 23:22:32,013 - code.handlers.yaml_handler - INFO - 使用块格式的代码段: TC202 STEP1 test_min_max
2025-05-21 23:22:32,022 - code.core.stub_parser - INFO - 为锚点 TC202 STEP1 test_min_max 找到桩代码
2025-05-21 23:22:32,031 - code.core.stub_parser - INFO - 在文件 c:\Users\clark\Desktop\YAMLWeave\samples\module2\Demo2.1.c 的第 34 行找到锚点: TC202 STEP1 test_special_chars
2025-05-21 23:22:32,048 - code.handlers.yaml_handler - INFO - 使用块格式的代码段: TC202 STEP1 test_special_chars
2025-05-21 23:22:32,056 - code.core.stub_parser - INFO - 为锚点 TC202 STEP1 test_special_chars 找到桩代码
2025-05-21 23:22:32,067 - code.core.stub_parser - INFO - 在文件 c:\Users\clark\Desktop\YAMLWeave\samples\module2\Demo2.1.c 的第 41 行找到锚点: TC201 STEP1 benchmark_start
2025-05-21 23:22:32,081 - code.handlers.yaml_handler - INFO - 使用块格式的代码段: TC201 STEP1 benchmark_start
2025-05-21 23:22:32,089 - code.core.stub_parser - INFO - 为锚点 TC201 STEP1 benchmark_start 找到桩代码
2025-05-21 23:22:32,101 - code.core.stub_parser - INFO - 在文件 c:\Users\clark\Desktop\YAMLWeave\samples\module2\Demo2.1.c 的第 45 行找到锚点: TC203 STEP1 complex_structures
2025-05-21 23:22:32,112 - code.handlers.yaml_handler - INFO - 使用块格式的代码段: TC203 STEP1 complex_structures
2025-05-21 23:22:32,119 - code.core.stub_parser - INFO - 为锚点 TC203 STEP1 complex_structures 找到桩代码
2025-05-21 23:22:32,130 - code.core.stub_parser - INFO - 在文件 c:\Users\clark\Desktop\YAMLWeave\samples\module2\Demo2.1.c 的第 47 行找到锚点: TC201 STEP1 benchmark_end
2025-05-21 23:22:32,143 - code.handlers.yaml_handler - INFO - 使用块格式的代码段: TC201 STEP1 benchmark_end
2025-05-21 23:22:32,151 - code.core.stub_parser - INFO - 为锚点 TC201 STEP1 benchmark_end 找到桩代码
2025-05-21 23:22:32,162 - code.core.stub_parser - INFO - 文件 c:\Users\clark\Desktop\YAMLWeave\samples\module2\Demo2.1.c 将插入 10 个桩点
2025-05-21 23:22:32,170 - code.core.stub_parser - INFO - 在文件 c:\Users\clark\Desktop\YAMLWeave\samples\module2\Demo2.1.c 中找到 10 个桩点
2025-05-21 23:22:32,183 - code.core.utils - INFO - 成功写入处理后文件: c:\Users\clark\Desktop\YAMLWeave\samples\module2\Demo2.1.c.stub
2025-05-21 23:22:32,194 - yamlweave.core - INFO - 文件处理成功: c:\Users\clark\Desktop\YAMLWeave\samples\module2\Demo2.1.c, 插入了 10 个桩点
2025-05-21 23:22:32,217 - yamlweave.core - INFO - 复制处理后文件到结果目录: c:\Users\clark\Desktop\YAMLWeave\samples_stubbed_20250521_232231\module2\Demo2.1.c
2025-05-21 23:22:32,244 - yamlweave.core - INFO - 处理文件: c:\Users\clark\Desktop\YAMLWeave\samples\module2\Demo2.2.c
2025-05-21 23:22:32,256 - code.core.utils - INFO - 检测到文件 c:\Users\clark\Desktop\YAMLWeave\samples\module2\Demo2.2.c 编码: utf-8, 置信度: 0.99
2025-05-21 23:22:32,267 - code.core.utils - INFO - 尝试使用编码 utf-8 读取文件 c:\Users\clark\Desktop\YAMLWeave\samples\module2\Demo2.2.c
2025-05-21 23:22:32,275 - code.core.utils - INFO - 使用编码 utf-8 成功读取文件 c:\Users\clark\Desktop\YAMLWeave\samples\module2\Demo2.2.c
2025-05-21 23:22:32,284 - code.core.stub_parser - INFO - 开始处理文件 c:\Users\clark\Desktop\YAMLWeave\samples\module2\Demo2.2.c
2025-05-21 23:22:32,291 - code.core.stub_parser - INFO - YAML配置中存在的测试用例: ['TC001', 'TC002', 'TC101', 'TC102', 'TC103', 'TC201', 'TC202', 'TC203']
2025-05-21 23:22:32,301 - code.core.stub_parser - INFO - 在文件 c:\Users\clark\Desktop\YAMLWeave\samples\module2\Demo2.2.c 的第 13 行找到锚点: TC002 STEP3 segment1
2025-05-21 23:22:32,308 - code.handlers.yaml_handler - INFO - 使用块格式的代码段: TC002 STEP3 segment1
2025-05-21 23:22:32,315 - code.core.stub_parser - INFO - 为锚点 TC002 STEP3 segment1 找到桩代码
2025-05-21 23:22:32,321 - code.core.stub_parser - INFO - 在文件 c:\Users\clark\Desktop\YAMLWeave\samples\module2\Demo2.2.c 的第 23 行找到锚点: TC002 STEP4 segment1
2025-05-21 23:22:32,332 - code.handlers.yaml_handler - INFO - 使用块格式的代码段: TC002 STEP4 segment1
2025-05-21 23:22:32,339 - code.core.stub_parser - INFO - 为锚点 TC002 STEP4 segment1 找到桩代码
2025-05-21 23:22:32,350 - code.core.stub_parser - INFO - 在文件 c:\Users\clark\Desktop\YAMLWeave\samples\module2\Demo2.2.c 的第 27 行找到锚点: TC202 STEP1 test_min_max
2025-05-21 23:22:32,356 - code.handlers.yaml_handler - INFO - 使用块格式的代码段: TC202 STEP1 test_min_max
2025-05-21 23:22:32,364 - code.core.stub_parser - INFO - 为锚点 TC202 STEP1 test_min_max 找到桩代码
2025-05-21 23:22:32,373 - code.core.stub_parser - INFO - 在文件 c:\Users\clark\Desktop\YAMLWeave\samples\module2\Demo2.2.c 的第 36 行找到锚点: TC203 STEP1 complex_structures
2025-05-21 23:22:32,380 - code.handlers.yaml_handler - INFO - 使用块格式的代码段: TC203 STEP1 complex_structures
2025-05-21 23:22:32,387 - code.core.stub_parser - INFO - 为锚点 TC203 STEP1 complex_structures 找到桩代码
2025-05-21 23:22:32,396 - code.core.stub_parser - INFO - 文件 c:\Users\clark\Desktop\YAMLWeave\samples\module2\Demo2.2.c 将插入 4 个桩点
2025-05-21 23:22:32,402 - code.core.stub_parser - INFO - 在文件 c:\Users\clark\Desktop\YAMLWeave\samples\module2\Demo2.2.c 中找到 4 个桩点
2025-05-21 23:22:32,410 - code.core.utils - INFO - 成功写入处理后文件: c:\Users\clark\Desktop\YAMLWeave\samples\module2\Demo2.2.c.stub
2025-05-21 23:22:32,416 - yamlweave.core - INFO - 文件处理成功: c:\Users\clark\Desktop\YAMLWeave\samples\module2\Demo2.2.c, 插入了 4 个桩点
2025-05-21 23:22:32,431 - yamlweave.core - INFO - 复制处理后文件到结果目录: c:\Users\clark\Desktop\YAMLWeave\samples_stubbed_20250521_232231\module2\Demo2.2.c
2025-05-21 23:22:32,446 - yamlweave.core - INFO - 目录处理完成: c:\Users\clark\Desktop\YAMLWeave\samples
2025-05-21 23:22:32,454 - yamlweave.core - INFO - 总文件数: 4
2025-05-21 23:22:32,459 - yamlweave.core - INFO - 处理文件数: 4
2025-05-21 23:22:32,464 - yamlweave.core - INFO - 插入桩点数: 34
2025-05-21 23:22:32,472 - yamlweave - INFO - 文件总数: 4
2025-05-21 23:22:32,486 - yamlweave - INFO - 处理成功文件: 4
2025-05-21 23:22:32,497 - yamlweave - INFO - 成功插入桩点: 34
2025-05-21 23:22:32,507 - yamlweave - INFO - 原始项目备份目录: c:\Users\clark\Desktop\YAMLWeave\samples_backup_20250521_232231
2025-05-21 23:22:32,522 - yamlweave - INFO - 处理结果目录: c:\Users\clark\Desktop\YAMLWeave\samples_stubbed_20250521_232231
2025-05-21 23:22:34,024 - __main__ - INFO - 应用正常退出
2025-05-21 23:22:34,025 - __main__ - INFO - 应用结束
