2025-05-21 09:53:08,045 - code.handlers.comment_handler - WARNING - 使用基本日志配置
2025-05-21 09:53:08,046 - code.core.stub_processor - INFO - 成功使用相对导入加载处理器
2025-05-21 09:53:08,048 - code.core.stub_parser - ERROR - 无法导入YamlStubHandler，锚点与桩代码分离功能将不可用
2025-05-21 09:53:08,054 - root - INFO - 当前目录: c:\Users\clark\Desktop\YAMLWeave\code
2025-05-21 09:53:08,054 - root - INFO - 父级目录: c:\Users\clark\Desktop\YAMLWeave
2025-05-21 09:53:08,054 - root - INFO - 成功从code.core包导入StubProcessor
2025-05-21 09:53:08,056 - yamlweave - INFO - 成功从code包导入核心模块
2025-05-21 09:53:08,057 - __main__ - INFO - 成功导入核心模块
2025-05-21 09:53:08,057 - __main__ - INFO - 启动YAMLWeave应用
2025-05-21 09:53:08,058 - __main__ - INFO - 设置工作目录: c:\Users\clark\Desktop\YAMLWeave
2025-05-21 09:53:08,059 - __main__ - INFO - 操作系统: win32
2025-05-21 09:53:08,059 - __main__ - INFO - Python版本: 3.12.9 | packaged by Anaconda, Inc. | (main, Feb  6 2025, 18:49:16) [MSC v.1929 64 bit (AMD64)]
2025-05-21 09:53:08,060 - __main__ - INFO - 当前工作目录: c:\Users\clark\Desktop\YAMLWeave
2025-05-21 09:53:08,060 - __main__ - INFO - 应用根目录: c:\Users\clark\Desktop\YAMLWeave
2025-05-21 09:53:08,061 - __main__ - INFO - sys.path: ['c:\\Users\\clark\\Desktop\\YAMLWeave', 'c:\\Users\\clark\\Desktop\\YAMLWeave\\code', 'C:\\Users\\clark\\anaconda3\\Lib\\site-packages', 'C:\\Users\\clark\\anaconda3\\envs\\AUTO_RT\\python312.zip', 'C:\\Users\\clark\\anaconda3\\envs\\AUTO_RT\\DLLs', 'C:\\Users\\clark\\anaconda3\\envs\\AUTO_RT\\Lib', 'C:\\Users\\clark\\anaconda3\\envs\\AUTO_RT', 'C:\\Users\\clark\\anaconda3\\envs\\AUTO_RT\\Lib\\site-packages']
2025-05-21 09:53:08,061 - __main__ - INFO - 应用根目录: c:\Users\clark\Desktop\YAMLWeave
2025-05-21 09:53:08,062 - __main__ - INFO - 确保示例目录存在: c:\Users\clark\Desktop\YAMLWeave\samples
2025-05-21 09:53:08,063 - __main__ - INFO - 确保模块目录存在: c:\Users\clark\Desktop\YAMLWeave\samples\module1
2025-05-21 09:53:08,064 - __main__ - INFO - 确保模块目录存在: c:\Users\clark\Desktop\YAMLWeave\samples\module2
2025-05-21 09:53:08,066 - __main__ - INFO - 创建示例文件: c:\Users\clark\Desktop\YAMLWeave\samples\module1\Demo1.1.c
2025-05-21 09:53:08,067 - __main__ - INFO - 创建示例文件: c:\Users\clark\Desktop\YAMLWeave\samples\module1\Demo1.2.c
2025-05-21 09:53:08,068 - __main__ - INFO - 创建示例文件: c:\Users\clark\Desktop\YAMLWeave\samples\module2\Demo2.1.c
2025-05-21 09:53:08,070 - __main__ - INFO - 创建示例文件: c:\Users\clark\Desktop\YAMLWeave\samples\module2\Demo2.2.c
2025-05-21 09:53:08,070 - __main__ - INFO - 开始创建高级测试用例: c:\Users\clark\Desktop\YAMLWeave\samples
2025-05-21 09:53:08,071 - __main__ - INFO - 成功创建高级测试用例
2025-05-21 09:53:08,072 - __main__ - INFO - 创建综合测试YAML配置: c:\Users\clark\Desktop\YAMLWeave\samples\all_tests.yaml
2025-05-21 09:53:08,074 - __main__ - INFO - 成功创建合并的YAML配置文件: c:\Users\clark\Desktop\YAMLWeave\samples\all_tests.yaml
2025-05-21 09:53:08,233 - __main__ - INFO - 成功创建Tkinter根窗口
2025-05-21 09:53:08,234 - __main__ - INFO - 开始创建UI实例...
2025-05-21 09:53:08,235 - __main__ - INFO - 成功通过直接导入方式加载UI组件
2025-05-21 09:53:08,384 - __main__ - INFO - 成功创建UI实例
2025-05-21 09:53:08,384 - yamlweave.core - INFO - 桩处理器组件初始化完成
2025-05-21 09:53:08,385 - yamlweave - INFO - 创建StubProcessor适配器
2025-05-21 09:53:08,385 - yamlweave - INFO - 处理器类型: StubProcessor
2025-05-21 09:53:08,385 - yamlweave - INFO - 处理器具有process_files方法
2025-05-21 09:53:08,385 - yamlweave - INFO - 初始化时设置了处理器的UI引用
2025-05-21 09:53:08,385 - yamlweave - INFO - 成功初始化StubProcessor
2025-05-21 09:53:08,385 - yamlweave - INFO - StubProcessor具有process_directory方法
2025-05-21 09:53:08,387 - yamlweave - INFO - 成功设置处理回调
2025-05-21 09:53:08,387 - __main__ - INFO - 成功创建控制器实例
2025-05-21 09:53:08,393 - root - INFO - 日志目录不存在: c:\Users\clark\Desktop\YAMLWeave\execution_logs
2025-05-21 09:53:08,393 - root - INFO - 日志目录不存在: C:\Users\clark\AppData\Local\Temp\yamlweave_logs
2025-05-21 09:53:08,395 - root - INFO - 扫描日志目录: C:\Users\clark\AppData\Local\Temp
2025-05-21 09:53:08,434 - root - WARNING - 未找到任何执行日志文件
2025-05-21 09:53:08,435 - __main__ - INFO - 进入主循环
2025-05-21 09:53:12,200 - yamlweave - INFO - 开始处理目录: c:\Users\clark\Desktop\YAMLWeave\samples
2025-05-21 09:53:12,200 - yamlweave - INFO - 使用YAML配置: c:\Users\clark\Desktop\YAMLWeave\samples\all_tests.yaml
2025-05-21 09:53:12,204 - yamlweave.core - INFO - 设置YAML配置文件: c:\Users\clark\Desktop\YAMLWeave\samples\all_tests.yaml
2025-05-21 09:53:12,205 - code.handlers.yaml_handler - INFO - 尝试加载YAML配置文件: c:\Users\clark\Desktop\YAMLWeave\samples\all_tests.yaml
2025-05-21 09:53:12,205 - code.handlers.yaml_handler - INFO - 文件存在检验通过: c:\Users\clark\Desktop\YAMLWeave\samples\all_tests.yaml
2025-05-21 09:53:12,206 - code.handlers.yaml_handler - INFO - YAML文件大小: 11323 字节
2025-05-21 09:53:12,262 - code.handlers.yaml_handler - INFO - 自动检测到编码: utf-8, 置信度: 0.99
2025-05-21 09:53:12,263 - code.handlers.yaml_handler - INFO - 尝试使用编码 utf-8 读取文件
2025-05-21 09:53:12,264 - code.handlers.yaml_handler - INFO - 使用编码 utf-8 成功读取文件
2025-05-21 09:53:12,264 - code.handlers.yaml_handler - INFO - 开始解析YAML内容
2025-05-21 09:53:12,274 - code.handlers.yaml_handler - INFO - 初步YAML解析结果: ['TC001', 'TC002', 'TC101', 'TC102', 'TC103', 'TC201', 'TC202', 'TC203']
2025-05-21 09:53:12,274 - code.handlers.yaml_handler - INFO - 检查测试用例 TC001 数据: <class 'dict'>
2025-05-21 09:53:12,275 - code.handlers.yaml_handler - INFO - 检查测试用例 TC002 数据: <class 'dict'>
2025-05-21 09:53:12,275 - code.handlers.yaml_handler - INFO - 检查测试用例 TC101 数据: <class 'dict'>
2025-05-21 09:53:12,275 - code.handlers.yaml_handler - INFO - 检查测试用例 TC102 数据: <class 'dict'>
2025-05-21 09:53:12,276 - code.handlers.yaml_handler - INFO - 检查测试用例 TC103 数据: <class 'dict'>
2025-05-21 09:53:12,276 - code.handlers.yaml_handler - INFO - 检查测试用例 TC201 数据: <class 'dict'>
2025-05-21 09:53:12,277 - code.handlers.yaml_handler - INFO - 检查测试用例 TC202 数据: <class 'dict'>
2025-05-21 09:53:12,277 - code.handlers.yaml_handler - INFO - 检查测试用例 TC203 数据: <class 'dict'>
2025-05-21 09:53:12,278 - code.handlers.yaml_handler - INFO - YAML加载结果类型: <class 'dict'>
2025-05-21 09:53:12,278 - code.handlers.yaml_handler - INFO - YAML配置包含 8 个测试用例: TC001, TC002, TC101, TC102, TC103, TC201, TC202, TC203
2025-05-21 09:53:12,279 - code.handlers.yaml_handler - INFO - 成功加载YAML配置文件: c:\Users\clark\Desktop\YAMLWeave\samples\all_tests.yaml
2025-05-21 09:53:12,279 - yamlweave.core - INFO - 成功加载YAML配置文件: c:\Users\clark\Desktop\YAMLWeave\samples\all_tests.yaml
2025-05-21 09:53:12,279 - yamlweave - INFO - 通过set_yaml_file方法设置YAML文件: c:\Users\clark\Desktop\YAMLWeave\samples\all_tests.yaml
2025-05-21 09:53:12,280 - yamlweave - INFO - 设置UI引用给处理器
2025-05-21 09:53:12,281 - yamlweave - INFO - 已设置内部处理器的UI引用
2025-05-21 09:53:12,285 - yamlweave - INFO - 适配器处理目录: c:\Users\clark\Desktop\YAMLWeave\samples
2025-05-21 09:53:12,286 - yamlweave - INFO - 使用原生process_directory方法
2025-05-21 09:53:12,286 - yamlweave - INFO - 开始备份整个项目目录: c:\Users\clark\Desktop\YAMLWeave\samples -> c:\Users\clark\Desktop\YAMLWeave\samples_backup_20250521_095312
2025-05-21 09:53:12,295 - yamlweave - INFO - 项目目录备份成功: c:\Users\clark\Desktop\YAMLWeave\samples_backup_20250521_095312
2025-05-21 09:53:12,295 - yamlweave - INFO - 创建插桩结果目录: c:\Users\clark\Desktop\YAMLWeave\samples_stubbed_20250521_095312
2025-05-21 09:53:12,302 - code.core.stub_processor - INFO - 在目录 c:\Users\clark\Desktop\YAMLWeave\samples 中查找.c源文件
2025-05-21 09:53:12,302 - code.core.stub_processor - INFO - 目录 c:\Users\clark\Desktop\YAMLWeave\samples 内容: ['all_tests.yaml', 'module1', 'module2']
2025-05-21 09:53:12,303 - code.core.stub_processor - INFO - 找到C源文件: c:\Users\clark\Desktop\YAMLWeave\samples\module1\Demo1.1.c
2025-05-21 09:53:12,303 - code.core.stub_processor - INFO - 找到C源文件: c:\Users\clark\Desktop\YAMLWeave\samples\module1\Demo1.2.c
2025-05-21 09:53:12,303 - code.core.stub_processor - INFO - 找到C源文件: c:\Users\clark\Desktop\YAMLWeave\samples\module2\Demo2.1.c
2025-05-21 09:53:12,303 - code.core.stub_processor - INFO - 找到C源文件: c:\Users\clark\Desktop\YAMLWeave\samples\module2\Demo2.2.c
2025-05-21 09:53:12,303 - code.core.stub_processor - INFO - 总共找到 4 个.c源文件
2025-05-21 09:53:12,303 - code.core.stub_processor - INFO - 文件 1: c:\Users\clark\Desktop\YAMLWeave\samples\module1\Demo1.1.c
2025-05-21 09:53:12,305 - code.core.stub_processor - INFO - 文件 2: c:\Users\clark\Desktop\YAMLWeave\samples\module1\Demo1.2.c
2025-05-21 09:53:12,305 - code.core.stub_processor - INFO - 文件 3: c:\Users\clark\Desktop\YAMLWeave\samples\module2\Demo2.1.c
2025-05-21 09:53:12,306 - code.core.stub_processor - INFO - 文件 4: c:\Users\clark\Desktop\YAMLWeave\samples\module2\Demo2.2.c
2025-05-21 09:53:12,313 - yamlweave.core - INFO - 处理文件: c:\Users\clark\Desktop\YAMLWeave\samples\module1\Demo1.1.c
2025-05-21 09:53:12,315 - code.core.utils - INFO - 检测到文件 c:\Users\clark\Desktop\YAMLWeave\samples\module1\Demo1.1.c 编码: utf-8, 置信度: 0.99
2025-05-21 09:53:12,316 - code.core.utils - INFO - 尝试使用编码 utf-8 读取文件 c:\Users\clark\Desktop\YAMLWeave\samples\module1\Demo1.1.c
2025-05-21 09:53:12,316 - code.core.utils - INFO - 使用编码 utf-8 成功读取文件 c:\Users\clark\Desktop\YAMLWeave\samples\module1\Demo1.1.c
2025-05-21 09:53:12,317 - code.core.stub_parser - INFO - 开始处理文件 c:\Users\clark\Desktop\YAMLWeave\samples\module1\Demo1.1.c
2025-05-21 09:53:12,317 - code.core.stub_parser - INFO - YAML配置中存在的测试用例: ['TC001', 'TC002', 'TC101', 'TC102', 'TC103', 'TC201', 'TC202', 'TC203']
2025-05-21 09:53:12,319 - code.core.stub_parser - INFO - 在文件 c:\Users\clark\Desktop\YAMLWeave\samples\module1\Demo1.1.c 的第 14 行找到锚点: TC001 STEP1 segment1
2025-05-21 09:53:12,319 - code.handlers.yaml_handler - INFO - 使用块格式的代码段: TC001 STEP1 segment1
2025-05-21 09:53:12,319 - code.core.stub_parser - INFO - 为锚点 TC001 STEP1 segment1 找到桩代码
2025-05-21 09:53:12,320 - code.core.stub_parser - INFO - 在文件 c:\Users\clark\Desktop\YAMLWeave\samples\module1\Demo1.1.c 的第 18 行找到锚点: TC101 STEP1 segment1
2025-05-21 09:53:12,320 - code.handlers.yaml_handler - INFO - 使用块格式的代码段: TC101 STEP1 segment1
2025-05-21 09:53:12,321 - code.core.stub_parser - INFO - 为锚点 TC101 STEP1 segment1 找到桩代码
2025-05-21 09:53:12,322 - code.core.stub_parser - INFO - 在文件 c:\Users\clark\Desktop\YAMLWeave\samples\module1\Demo1.1.c 的第 20 行找到锚点: TC201 STEP1 benchmark_start
2025-05-21 09:53:12,323 - code.handlers.yaml_handler - INFO - 使用块格式的代码段: TC201 STEP1 benchmark_start
2025-05-21 09:53:12,323 - code.core.stub_parser - INFO - 为锚点 TC201 STEP1 benchmark_start 找到桩代码
2025-05-21 09:53:12,324 - code.core.stub_parser - INFO - 在文件 c:\Users\clark\Desktop\YAMLWeave\samples\module1\Demo1.1.c 的第 29 行找到锚点: TC001 STEP2 segment1
2025-05-21 09:53:12,325 - code.handlers.yaml_handler - INFO - 使用块格式的代码段: TC001 STEP2 segment1
2025-05-21 09:53:12,325 - code.core.stub_parser - INFO - 为锚点 TC001 STEP2 segment1 找到桩代码
2025-05-21 09:53:12,327 - code.core.stub_parser - INFO - 在文件 c:\Users\clark\Desktop\YAMLWeave\samples\module1\Demo1.1.c 的第 33 行找到锚点: TC102 STEP1 format_check
2025-05-21 09:53:12,327 - code.handlers.yaml_handler - INFO - 使用块格式的代码段: TC102 STEP1 format_check
2025-05-21 09:53:12,327 - code.core.stub_parser - INFO - 为锚点 TC102 STEP1 format_check 找到桩代码
2025-05-21 09:53:12,328 - code.core.stub_parser - INFO - 在文件 c:\Users\clark\Desktop\YAMLWeave\samples\module1\Demo1.1.c 的第 35 行找到锚点: TC102 STEP1 segment1
2025-05-21 09:53:12,328 - code.handlers.yaml_handler - INFO - 使用块格式的代码段: TC102 STEP1 segment1
2025-05-21 09:53:12,330 - code.core.stub_parser - INFO - 为锚点 TC102 STEP1 segment1 找到桩代码
2025-05-21 09:53:12,330 - code.core.stub_parser - INFO - 在文件 c:\Users\clark\Desktop\YAMLWeave\samples\module1\Demo1.1.c 的第 37 行找到锚点: TC102 STEP1 check_business_rules
2025-05-21 09:53:12,331 - code.handlers.yaml_handler - INFO - 使用块格式的代码段: TC102 STEP1 check_business_rules
2025-05-21 09:53:12,331 - code.core.stub_parser - INFO - 为锚点 TC102 STEP1 check_business_rules 找到桩代码
2025-05-21 09:53:12,332 - code.core.stub_parser - INFO - 在文件 c:\Users\clark\Desktop\YAMLWeave\samples\module1\Demo1.1.c 的第 44 行找到锚点: TC101 STEP1 log_init
2025-05-21 09:53:12,333 - code.handlers.yaml_handler - INFO - 使用块格式的代码段: TC101 STEP1 log_init
2025-05-21 09:53:12,333 - code.core.stub_parser - INFO - 为锚点 TC101 STEP1 log_init 找到桩代码
2025-05-21 09:53:12,334 - code.core.stub_parser - INFO - 在文件 c:\Users\clark\Desktop\YAMLWeave\samples\module1\Demo1.1.c 的第 46 行找到锚点: TC101 STEP1 segment2
2025-05-21 09:53:12,334 - code.handlers.yaml_handler - INFO - 使用块格式的代码段: TC101 STEP1 segment2
2025-05-21 09:53:12,334 - code.core.stub_parser - INFO - 为锚点 TC101 STEP1 segment2 找到桩代码
2025-05-21 09:53:12,336 - code.core.stub_parser - INFO - 文件 c:\Users\clark\Desktop\YAMLWeave\samples\module1\Demo1.1.c 将插入 9 个桩点
2025-05-21 09:53:12,337 - code.core.stub_parser - INFO - 在文件 c:\Users\clark\Desktop\YAMLWeave\samples\module1\Demo1.1.c 中找到 9 个桩点
2025-05-21 09:53:12,339 - code.core.utils - INFO - 成功写入处理后文件: c:\Users\clark\Desktop\YAMLWeave\samples\module1\Demo1.1.c.stub
2025-05-21 09:53:12,340 - yamlweave.core - INFO - 文件处理成功: c:\Users\clark\Desktop\YAMLWeave\samples\module1\Demo1.1.c, 插入了 9 个桩点
2025-05-21 09:53:12,342 - yamlweave.core - INFO - 复制处理后文件到结果目录: c:\Users\clark\Desktop\YAMLWeave\samples_stubbed_20250521_095312\module1\Demo1.1.c
2025-05-21 09:53:12,355 - yamlweave.core - INFO - 处理文件: c:\Users\clark\Desktop\YAMLWeave\samples\module1\Demo1.2.c
2025-05-21 09:53:12,357 - code.core.utils - INFO - 检测到文件 c:\Users\clark\Desktop\YAMLWeave\samples\module1\Demo1.2.c 编码: utf-8, 置信度: 0.99
2025-05-21 09:53:12,358 - code.core.utils - INFO - 尝试使用编码 utf-8 读取文件 c:\Users\clark\Desktop\YAMLWeave\samples\module1\Demo1.2.c
2025-05-21 09:53:12,359 - code.core.utils - INFO - 使用编码 utf-8 成功读取文件 c:\Users\clark\Desktop\YAMLWeave\samples\module1\Demo1.2.c
2025-05-21 09:53:12,359 - code.core.stub_parser - INFO - 开始处理文件 c:\Users\clark\Desktop\YAMLWeave\samples\module1\Demo1.2.c
2025-05-21 09:53:12,360 - code.core.stub_parser - INFO - YAML配置中存在的测试用例: ['TC001', 'TC002', 'TC101', 'TC102', 'TC103', 'TC201', 'TC202', 'TC203']
2025-05-21 09:53:12,360 - code.core.stub_parser - INFO - 在文件 c:\Users\clark\Desktop\YAMLWeave\samples\module1\Demo1.2.c 的第 13 行找到锚点: TC001 STEP3 segment1
2025-05-21 09:53:12,362 - code.handlers.yaml_handler - INFO - 使用块格式的代码段: TC001 STEP3 segment1
2025-05-21 09:53:12,362 - code.core.stub_parser - INFO - 为锚点 TC001 STEP3 segment1 找到桩代码
2025-05-21 09:53:12,362 - code.core.stub_parser - INFO - 在文件 c:\Users\clark\Desktop\YAMLWeave\samples\module1\Demo1.2.c 的第 17 行找到锚点: TC102 STEP2 segment1
2025-05-21 09:53:12,363 - code.handlers.yaml_handler - INFO - 使用块格式的代码段: TC102 STEP2 segment1
2025-05-21 09:53:12,364 - code.core.stub_parser - INFO - 为锚点 TC102 STEP2 segment1 找到桩代码
2025-05-21 09:53:12,364 - code.core.stub_parser - INFO - 在文件 c:\Users\clark\Desktop\YAMLWeave\samples\module1\Demo1.2.c 的第 19 行找到锚点: TC102 STEP2 verify_permissions
2025-05-21 09:53:12,365 - code.handlers.yaml_handler - INFO - 使用块格式的代码段: TC102 STEP2 verify_permissions
2025-05-21 09:53:12,366 - code.core.stub_parser - INFO - 为锚点 TC102 STEP2 verify_permissions 找到桩代码
2025-05-21 09:53:12,366 - code.core.stub_parser - INFO - 在文件 c:\Users\clark\Desktop\YAMLWeave\samples\module1\Demo1.2.c 的第 21 行找到锚点: TC102 STEP2 after_verification
2025-05-21 09:53:12,367 - code.handlers.yaml_handler - INFO - 使用块格式的代码段: TC102 STEP2 after_verification
2025-05-21 09:53:12,367 - code.core.stub_parser - INFO - 为锚点 TC102 STEP2 after_verification 找到桩代码
2025-05-21 09:53:12,368 - code.core.stub_parser - INFO - 在文件 c:\Users\clark\Desktop\YAMLWeave\samples\module1\Demo1.2.c 的第 28 行找到锚点: TC001 STEP4 segment1
2025-05-21 09:53:12,368 - code.handlers.yaml_handler - INFO - 使用块格式的代码段: TC001 STEP4 segment1
2025-05-21 09:53:12,368 - code.core.stub_parser - INFO - 为锚点 TC001 STEP4 segment1 找到桩代码
2025-05-21 09:53:12,369 - code.core.stub_parser - INFO - 在文件 c:\Users\clark\Desktop\YAMLWeave\samples\module1\Demo1.2.c 的第 32 行找到锚点: TC103 STEP1 segment1
2025-05-21 09:53:12,369 - code.handlers.yaml_handler - INFO - 使用块格式的代码段: TC103 STEP1 segment1
2025-05-21 09:53:12,369 - code.core.stub_parser - INFO - 为锚点 TC103 STEP1 segment1 找到桩代码
2025-05-21 09:53:12,370 - code.core.stub_parser - INFO - 在文件 c:\Users\clark\Desktop\YAMLWeave\samples\module1\Demo1.2.c 的第 34 行找到锚点: TC103 STEP1 close_connections
2025-05-21 09:53:12,371 - code.handlers.yaml_handler - INFO - 使用块格式的代码段: TC103 STEP1 close_connections
2025-05-21 09:53:12,372 - code.core.stub_parser - INFO - 为锚点 TC103 STEP1 close_connections 找到桩代码
2025-05-21 09:53:12,372 - code.core.stub_parser - INFO - 在文件 c:\Users\clark\Desktop\YAMLWeave\samples\module1\Demo1.2.c 的第 36 行找到锚点: TC103 STEP1 rollback
2025-05-21 09:53:12,373 - code.handlers.yaml_handler - INFO - 使用块格式的代码段: TC103 STEP1 rollback
2025-05-21 09:53:12,374 - code.core.stub_parser - INFO - 为锚点 TC103 STEP1 rollback 找到桩代码
2025-05-21 09:53:12,374 - code.core.stub_parser - INFO - 在文件 c:\Users\clark\Desktop\YAMLWeave\samples\module1\Demo1.2.c 的第 45 行找到锚点: TC103 STEP2 log_error
2025-05-21 09:53:12,375 - code.handlers.yaml_handler - INFO - 使用块格式的代码段: TC103 STEP2 log_error
2025-05-21 09:53:12,375 - code.core.stub_parser - INFO - 为锚点 TC103 STEP2 log_error 找到桩代码
2025-05-21 09:53:12,375 - code.core.stub_parser - INFO - 在文件 c:\Users\clark\Desktop\YAMLWeave\samples\module1\Demo1.2.c 的第 47 行找到锚点: TC103 STEP2 segment2
2025-05-21 09:53:12,375 - code.handlers.yaml_handler - INFO - 使用块格式的代码段: TC103 STEP2 segment2
2025-05-21 09:53:12,376 - code.core.stub_parser - INFO - 为锚点 TC103 STEP2 segment2 找到桩代码
2025-05-21 09:53:12,376 - code.core.stub_parser - INFO - 在文件 c:\Users\clark\Desktop\YAMLWeave\samples\module1\Demo1.2.c 的第 49 行找到锚点: TC103 STEP2 completed
2025-05-21 09:53:12,376 - code.handlers.yaml_handler - INFO - 使用块格式的代码段: TC103 STEP2 completed
2025-05-21 09:53:12,378 - code.core.stub_parser - INFO - 为锚点 TC103 STEP2 completed 找到桩代码
2025-05-21 09:53:12,378 - code.core.stub_parser - INFO - 文件 c:\Users\clark\Desktop\YAMLWeave\samples\module1\Demo1.2.c 将插入 11 个桩点
2025-05-21 09:53:12,378 - code.core.stub_parser - INFO - 在文件 c:\Users\clark\Desktop\YAMLWeave\samples\module1\Demo1.2.c 中找到 11 个桩点
2025-05-21 09:53:12,380 - code.core.utils - INFO - 成功写入处理后文件: c:\Users\clark\Desktop\YAMLWeave\samples\module1\Demo1.2.c.stub
2025-05-21 09:53:12,380 - yamlweave.core - INFO - 文件处理成功: c:\Users\clark\Desktop\YAMLWeave\samples\module1\Demo1.2.c, 插入了 11 个桩点
2025-05-21 09:53:12,393 - yamlweave.core - INFO - 复制处理后文件到结果目录: c:\Users\clark\Desktop\YAMLWeave\samples_stubbed_20250521_095312\module1\Demo1.2.c
2025-05-21 09:53:12,398 - yamlweave.core - INFO - 处理文件: c:\Users\clark\Desktop\YAMLWeave\samples\module2\Demo2.1.c
2025-05-21 09:53:12,399 - code.core.utils - INFO - 检测到文件 c:\Users\clark\Desktop\YAMLWeave\samples\module2\Demo2.1.c 编码: utf-8, 置信度: 0.99
2025-05-21 09:53:12,401 - code.core.utils - INFO - 尝试使用编码 utf-8 读取文件 c:\Users\clark\Desktop\YAMLWeave\samples\module2\Demo2.1.c
2025-05-21 09:53:12,401 - code.core.utils - INFO - 使用编码 utf-8 成功读取文件 c:\Users\clark\Desktop\YAMLWeave\samples\module2\Demo2.1.c
2025-05-21 09:53:12,401 - code.core.stub_parser - INFO - 开始处理文件 c:\Users\clark\Desktop\YAMLWeave\samples\module2\Demo2.1.c
2025-05-21 09:53:12,403 - code.core.stub_parser - INFO - YAML配置中存在的测试用例: ['TC001', 'TC002', 'TC101', 'TC102', 'TC103', 'TC201', 'TC202', 'TC203']
2025-05-21 09:53:12,403 - code.core.stub_parser - INFO - 在文件 c:\Users\clark\Desktop\YAMLWeave\samples\module2\Demo2.1.c 的第 13 行找到锚点: TC002 STEP1 segment1
2025-05-21 09:53:12,404 - code.handlers.yaml_handler - INFO - 使用块格式的代码段: TC002 STEP1 segment1
2025-05-21 09:53:12,405 - code.core.stub_parser - INFO - 为锚点 TC002 STEP1 segment1 找到桩代码
2025-05-21 09:53:12,405 - code.core.stub_parser - INFO - 在文件 c:\Users\clark\Desktop\YAMLWeave\samples\module2\Demo2.1.c 的第 17 行找到锚点: TC101 STEP2 network_init
2025-05-21 09:53:12,405 - code.handlers.yaml_handler - INFO - 使用块格式的代码段: TC101 STEP2 network_init
2025-05-21 09:53:12,407 - code.core.stub_parser - INFO - 为锚点 TC101 STEP2 network_init 找到桩代码
2025-05-21 09:53:12,408 - code.core.stub_parser - INFO - 在文件 c:\Users\clark\Desktop\YAMLWeave\samples\module2\Demo2.1.c 的第 19 行找到锚点: TC101 STEP2 before_db_init
2025-05-21 09:53:12,408 - code.handlers.yaml_handler - INFO - 使用块格式的代码段: TC101 STEP2 before_db_init
2025-05-21 09:53:12,408 - code.core.stub_parser - INFO - 为锚点 TC101 STEP2 before_db_init 找到桩代码
2025-05-21 09:53:12,409 - code.core.stub_parser - INFO - 在文件 c:\Users\clark\Desktop\YAMLWeave\samples\module2\Demo2.1.c 的第 21 行找到锚点: TC101 STEP2 segment3
2025-05-21 09:53:12,409 - code.handlers.yaml_handler - INFO - 使用块格式的代码段: TC101 STEP2 segment3
2025-05-21 09:53:12,410 - code.core.stub_parser - INFO - 为锚点 TC101 STEP2 segment3 找到桩代码
2025-05-21 09:53:12,410 - code.core.stub_parser - INFO - 在文件 c:\Users\clark\Desktop\YAMLWeave\samples\module2\Demo2.1.c 的第 28 行找到锚点: TC002 STEP2 segment1
2025-05-21 09:53:12,411 - code.handlers.yaml_handler - INFO - 使用块格式的代码段: TC002 STEP2 segment1
2025-05-21 09:53:12,411 - code.core.stub_parser - INFO - 为锚点 TC002 STEP2 segment1 找到桩代码
2025-05-21 09:53:12,412 - code.core.stub_parser - INFO - 在文件 c:\Users\clark\Desktop\YAMLWeave\samples\module2\Demo2.1.c 的第 32 行找到锚点: TC202 STEP1 test_min_max
2025-05-21 09:53:12,412 - code.handlers.yaml_handler - INFO - 使用块格式的代码段: TC202 STEP1 test_min_max
2025-05-21 09:53:12,412 - code.core.stub_parser - INFO - 为锚点 TC202 STEP1 test_min_max 找到桩代码
2025-05-21 09:53:12,413 - code.core.stub_parser - INFO - 在文件 c:\Users\clark\Desktop\YAMLWeave\samples\module2\Demo2.1.c 的第 34 行找到锚点: TC202 STEP1 test_special_chars
2025-05-21 09:53:12,413 - code.handlers.yaml_handler - INFO - 使用块格式的代码段: TC202 STEP1 test_special_chars
2025-05-21 09:53:12,414 - code.core.stub_parser - INFO - 为锚点 TC202 STEP1 test_special_chars 找到桩代码
2025-05-21 09:53:12,414 - code.core.stub_parser - INFO - 在文件 c:\Users\clark\Desktop\YAMLWeave\samples\module2\Demo2.1.c 的第 41 行找到锚点: TC201 STEP1 benchmark_start
2025-05-21 09:53:12,414 - code.handlers.yaml_handler - INFO - 使用块格式的代码段: TC201 STEP1 benchmark_start
2025-05-21 09:53:12,416 - code.core.stub_parser - INFO - 为锚点 TC201 STEP1 benchmark_start 找到桩代码
2025-05-21 09:53:12,416 - code.core.stub_parser - INFO - 在文件 c:\Users\clark\Desktop\YAMLWeave\samples\module2\Demo2.1.c 的第 45 行找到锚点: TC203 STEP1 complex_structures
2025-05-21 09:53:12,416 - code.handlers.yaml_handler - INFO - 使用块格式的代码段: TC203 STEP1 complex_structures
2025-05-21 09:53:12,417 - code.core.stub_parser - INFO - 为锚点 TC203 STEP1 complex_structures 找到桩代码
2025-05-21 09:53:12,418 - code.core.stub_parser - INFO - 在文件 c:\Users\clark\Desktop\YAMLWeave\samples\module2\Demo2.1.c 的第 47 行找到锚点: TC201 STEP1 benchmark_end
2025-05-21 09:53:12,418 - code.handlers.yaml_handler - INFO - 使用块格式的代码段: TC201 STEP1 benchmark_end
2025-05-21 09:53:12,418 - code.core.stub_parser - INFO - 为锚点 TC201 STEP1 benchmark_end 找到桩代码
2025-05-21 09:53:12,419 - code.core.stub_parser - INFO - 文件 c:\Users\clark\Desktop\YAMLWeave\samples\module2\Demo2.1.c 将插入 10 个桩点
2025-05-21 09:53:12,419 - code.core.stub_parser - INFO - 在文件 c:\Users\clark\Desktop\YAMLWeave\samples\module2\Demo2.1.c 中找到 10 个桩点
2025-05-21 09:53:12,421 - code.core.utils - INFO - 成功写入处理后文件: c:\Users\clark\Desktop\YAMLWeave\samples\module2\Demo2.1.c.stub
2025-05-21 09:53:12,421 - yamlweave.core - INFO - 文件处理成功: c:\Users\clark\Desktop\YAMLWeave\samples\module2\Demo2.1.c, 插入了 10 个桩点
2025-05-21 09:53:12,432 - yamlweave.core - INFO - 复制处理后文件到结果目录: c:\Users\clark\Desktop\YAMLWeave\samples_stubbed_20250521_095312\module2\Demo2.1.c
2025-05-21 09:53:12,446 - yamlweave.core - INFO - 处理文件: c:\Users\clark\Desktop\YAMLWeave\samples\module2\Demo2.2.c
2025-05-21 09:53:12,447 - code.core.utils - INFO - 检测到文件 c:\Users\clark\Desktop\YAMLWeave\samples\module2\Demo2.2.c 编码: utf-8, 置信度: 0.99
2025-05-21 09:53:12,448 - code.core.utils - INFO - 尝试使用编码 utf-8 读取文件 c:\Users\clark\Desktop\YAMLWeave\samples\module2\Demo2.2.c
2025-05-21 09:53:12,448 - code.core.utils - INFO - 使用编码 utf-8 成功读取文件 c:\Users\clark\Desktop\YAMLWeave\samples\module2\Demo2.2.c
2025-05-21 09:53:12,449 - code.core.stub_parser - INFO - 开始处理文件 c:\Users\clark\Desktop\YAMLWeave\samples\module2\Demo2.2.c
2025-05-21 09:53:12,449 - code.core.stub_parser - INFO - YAML配置中存在的测试用例: ['TC001', 'TC002', 'TC101', 'TC102', 'TC103', 'TC201', 'TC202', 'TC203']
2025-05-21 09:53:12,449 - code.core.stub_parser - INFO - 在文件 c:\Users\clark\Desktop\YAMLWeave\samples\module2\Demo2.2.c 的第 13 行找到锚点: TC002 STEP3 segment1
2025-05-21 09:53:12,451 - code.handlers.yaml_handler - INFO - 使用块格式的代码段: TC002 STEP3 segment1
2025-05-21 09:53:12,451 - code.core.stub_parser - INFO - 为锚点 TC002 STEP3 segment1 找到桩代码
2025-05-21 09:53:12,451 - code.core.stub_parser - INFO - 在文件 c:\Users\clark\Desktop\YAMLWeave\samples\module2\Demo2.2.c 的第 23 行找到锚点: TC002 STEP4 segment1
2025-05-21 09:53:12,452 - code.handlers.yaml_handler - INFO - 使用块格式的代码段: TC002 STEP4 segment1
2025-05-21 09:53:12,452 - code.core.stub_parser - INFO - 为锚点 TC002 STEP4 segment1 找到桩代码
2025-05-21 09:53:12,453 - code.core.stub_parser - INFO - 在文件 c:\Users\clark\Desktop\YAMLWeave\samples\module2\Demo2.2.c 的第 27 行找到锚点: TC202 STEP1 test_min_max
2025-05-21 09:53:12,454 - code.handlers.yaml_handler - INFO - 使用块格式的代码段: TC202 STEP1 test_min_max
2025-05-21 09:53:12,454 - code.core.stub_parser - INFO - 为锚点 TC202 STEP1 test_min_max 找到桩代码
2025-05-21 09:53:12,455 - code.core.stub_parser - INFO - 在文件 c:\Users\clark\Desktop\YAMLWeave\samples\module2\Demo2.2.c 的第 36 行找到锚点: TC203 STEP1 complex_structures
2025-05-21 09:53:12,455 - code.handlers.yaml_handler - INFO - 使用块格式的代码段: TC203 STEP1 complex_structures
2025-05-21 09:53:12,457 - code.core.stub_parser - INFO - 为锚点 TC203 STEP1 complex_structures 找到桩代码
2025-05-21 09:53:12,457 - code.core.stub_parser - INFO - 文件 c:\Users\clark\Desktop\YAMLWeave\samples\module2\Demo2.2.c 将插入 4 个桩点
2025-05-21 09:53:12,458 - code.core.stub_parser - INFO - 在文件 c:\Users\clark\Desktop\YAMLWeave\samples\module2\Demo2.2.c 中找到 4 个桩点
2025-05-21 09:53:12,459 - code.core.utils - INFO - 成功写入处理后文件: c:\Users\clark\Desktop\YAMLWeave\samples\module2\Demo2.2.c.stub
2025-05-21 09:53:12,459 - yamlweave.core - INFO - 文件处理成功: c:\Users\clark\Desktop\YAMLWeave\samples\module2\Demo2.2.c, 插入了 4 个桩点
2025-05-21 09:53:12,469 - yamlweave.core - INFO - 复制处理后文件到结果目录: c:\Users\clark\Desktop\YAMLWeave\samples_stubbed_20250521_095312\module2\Demo2.2.c
2025-05-21 09:53:12,476 - yamlweave.core - INFO - 目录处理完成: c:\Users\clark\Desktop\YAMLWeave\samples
2025-05-21 09:53:12,476 - yamlweave.core - INFO - 总文件数: 4
2025-05-21 09:53:12,476 - yamlweave.core - INFO - 处理文件数: 4
2025-05-21 09:53:12,476 - yamlweave.core - INFO - 插入桩点数: 34
2025-05-21 09:53:12,478 - yamlweave - INFO - 文件总数: 4
2025-05-21 09:53:12,478 - yamlweave - INFO - 处理成功文件: 4
2025-05-21 09:53:12,481 - yamlweave - INFO - 成功插入桩点: 34
2025-05-21 09:53:12,485 - yamlweave - INFO - 原始项目备份目录: c:\Users\clark\Desktop\YAMLWeave\samples_backup_20250521_095312
2025-05-21 09:53:12,495 - yamlweave - INFO - 处理结果目录: c:\Users\clark\Desktop\YAMLWeave\samples_stubbed_20250521_095312
2025-05-21 09:53:15,773 - __main__ - INFO - 应用正常退出
2025-05-21 09:53:15,774 - __main__ - INFO - 应用结束
